2020-03-15 11:48:00 [restartedMain] INFO  %PARSER_ERROR[logger] - Starting RcaRegistrationFormApplication on LAPTOP-3HQJ46KJ with PID 10784 (E:\CSM\RCARegistrationForm\RCARegistrationForm\target\classes started by HARAPRASAD in E:\CSM\RCARegistrationForm\RCARegistrationForm)
2020-03-15 11:48:00 [restartedMain] INFO  %PARSER_ERROR[logger] - No active profile set, falling back to default profiles: default
2020-03-15 11:48:00 [restartedMain] INFO  %PARSER_ERROR[logger] - The Class-Path manifest attribute in C:\Users\user\.m2\repository\org\glassfish\jaxb\jaxb-runtime\2.3.2\jaxb-runtime-2.3.2.jar referenced one or more files that do not exist: file:/C:/Users/user/.m2/repository/org/glassfish/jaxb/jaxb-runtime/2.3.2/jakarta.xml.bind-api-2.3.2.jar,file:/C:/Users/user/.m2/repository/org/glassfish/jaxb/jaxb-runtime/2.3.2/txw2-2.3.2.jar,file:/C:/Users/user/.m2/repository/org/glassfish/jaxb/jaxb-runtime/2.3.2/istack-commons-runtime-3.0.8.jar,file:/C:/Users/user/.m2/repository/org/glassfish/jaxb/jaxb-runtime/2.3.2/stax-ex-1.8.1.jar,file:/C:/Users/user/.m2/repository/org/glassfish/jaxb/jaxb-runtime/2.3.2/FastInfoset-1.2.16.jar,file:/C:/Users/user/.m2/repository/org/glassfish/jaxb/jaxb-runtime/2.3.2/jakarta.activation-api-1.2.1.jar
2020-03-15 11:48:00 [restartedMain] INFO  %PARSER_ERROR[logger] - Devtools property defaults active! Set 'spring.devtools.add-properties' to 'false' to disable
2020-03-15 11:48:00 [restartedMain] INFO  %PARSER_ERROR[logger] - For additional web related logging consider setting the 'logging.level.web' property to 'DEBUG'
2020-03-15 11:48:02 [restartedMain] INFO  %PARSER_ERROR[logger] - Bootstrapping Spring Data JPA repositories in DEFAULT mode.
2020-03-15 11:48:02 [restartedMain] INFO  %PARSER_ERROR[logger] - Finished Spring Data repository scanning in 66ms. Found 4 JPA repository interfaces.
2020-03-15 11:48:03 [restartedMain] INFO  %PARSER_ERROR[logger] - Tomcat initialized with port(s): 8090 (http)
2020-03-15 11:48:03 [restartedMain] INFO  %PARSER_ERROR[logger] - Starting service [Tomcat]
2020-03-15 11:48:03 [restartedMain] INFO  %PARSER_ERROR[logger] - Starting Servlet engine: [Apache Tomcat/9.0.31]
2020-03-15 11:48:03 [restartedMain] INFO  %PARSER_ERROR[logger] - Initializing Spring embedded WebApplicationContext
2020-03-15 11:48:03 [restartedMain] INFO  %PARSER_ERROR[logger] - Root WebApplicationContext: initialization completed in 2601 ms
2020-03-15 11:48:03 [restartedMain] INFO  %PARSER_ERROR[logger] - HikariPool-1 - Starting...
2020-03-15 11:48:04 [restartedMain] INFO  %PARSER_ERROR[logger] - HikariPool-1 - Start completed.
2020-03-15 11:48:04 [restartedMain] INFO  %PARSER_ERROR[logger] - HHH000204: Processing PersistenceUnitInfo [name: default]
2020-03-15 11:48:04 [restartedMain] INFO  %PARSER_ERROR[logger] - HHH000412: Hibernate ORM core version 5.4.12.Final
2020-03-15 11:48:04 [restartedMain] INFO  %PARSER_ERROR[logger] - HCANN000001: Hibernate Commons Annotations {5.1.0.Final}
2020-03-15 11:48:04 [restartedMain] INFO  %PARSER_ERROR[logger] - HHH000400: Using dialect: org.hibernate.dialect.MySQL8Dialect
2020-03-15 11:48:05 [restartedMain] INFO  %PARSER_ERROR[logger] - HHH000490: Using JtaPlatform implementation: [org.hibernate.engine.transaction.jta.platform.internal.NoJtaPlatform]
2020-03-15 11:48:05 [restartedMain] INFO  %PARSER_ERROR[logger] - Initialized JPA EntityManagerFactory for persistence unit 'default'
2020-03-15 11:48:06 [restartedMain] WARN  %PARSER_ERROR[logger] - spring.jpa.open-in-view is enabled by default. Therefore, database queries may be performed during view rendering. Explicitly configure spring.jpa.open-in-view to disable this warning
2020-03-15 11:48:06 [restartedMain] INFO  %PARSER_ERROR[logger] - Initializing ExecutorService 'applicationTaskExecutor'
2020-03-15 11:48:06 [restartedMain] WARN  %PARSER_ERROR[logger] - Unable to start LiveReload server
2020-03-15 11:48:06 [restartedMain] INFO  %PARSER_ERROR[logger] - Tomcat started on port(s): 8090 (http) with context path ''
2020-03-15 11:48:06 [restartedMain] INFO  %PARSER_ERROR[logger] - Started RcaRegistrationFormApplication in 7.287 seconds (JVM running for 8.412)
2020-03-15 11:48:33 [http-nio-8090-exec-1] INFO  %PARSER_ERROR[logger] - Initializing Spring DispatcherServlet 'dispatcherServlet'
2020-03-15 11:48:33 [http-nio-8090-exec-1] INFO  %PARSER_ERROR[logger] - Initializing Servlet 'dispatcherServlet'
2020-03-15 11:48:33 [http-nio-8090-exec-1] INFO  %PARSER_ERROR[logger] - Completed initialization in 31 ms
2020-03-15 12:34:58 [Thread-2] INFO  %PARSER_ERROR[logger] - Shutting down ExecutorService 'applicationTaskExecutor'
2020-03-15 12:34:58 [Thread-2] INFO  %PARSER_ERROR[logger] - Closing JPA EntityManagerFactory for persistence unit 'default'
2020-03-15 12:34:58 [Thread-2] INFO  %PARSER_ERROR[logger] - HikariPool-1 - Shutdown initiated...
2020-03-15 12:34:58 [Thread-2] INFO  %PARSER_ERROR[logger] - HikariPool-1 - Shutdown completed.
2020-03-15 12:34:59 [restartedMain] INFO  %PARSER_ERROR[logger] - Starting RcaRegistrationFormApplication on LAPTOP-3HQJ46KJ with PID 10784 (E:\CSM\RCARegistrationForm\RCARegistrationForm\target\classes started by HARAPRASAD in E:\CSM\RCARegistrationForm\RCARegistrationForm)
2020-03-15 12:34:59 [restartedMain] INFO  %PARSER_ERROR[logger] - No active profile set, falling back to default profiles: default
2020-03-15 12:34:59 [restartedMain] INFO  %PARSER_ERROR[logger] - Bootstrapping Spring Data JPA repositories in DEFAULT mode.
2020-03-15 12:34:59 [restartedMain] INFO  %PARSER_ERROR[logger] - Finished Spring Data repository scanning in 14ms. Found 4 JPA repository interfaces.
2020-03-15 12:35:00 [restartedMain] INFO  %PARSER_ERROR[logger] - Tomcat initialized with port(s): 8090 (http)
2020-03-15 12:35:00 [restartedMain] INFO  %PARSER_ERROR[logger] - Starting service [Tomcat]
2020-03-15 12:35:00 [restartedMain] INFO  %PARSER_ERROR[logger] - Starting Servlet engine: [Apache Tomcat/9.0.31]
2020-03-15 12:35:00 [restartedMain] INFO  %PARSER_ERROR[logger] - Initializing Spring embedded WebApplicationContext
2020-03-15 12:35:00 [restartedMain] INFO  %PARSER_ERROR[logger] - Root WebApplicationContext: initialization completed in 686 ms
2020-03-15 12:35:00 [restartedMain] INFO  %PARSER_ERROR[logger] - HikariPool-2 - Starting...
2020-03-15 12:35:00 [restartedMain] INFO  %PARSER_ERROR[logger] - HikariPool-2 - Start completed.
2020-03-15 12:35:00 [restartedMain] INFO  %PARSER_ERROR[logger] - HHH000204: Processing PersistenceUnitInfo [name: default]
2020-03-15 12:35:00 [restartedMain] INFO  %PARSER_ERROR[logger] - HHH000400: Using dialect: org.hibernate.dialect.MySQL8Dialect
2020-03-15 12:35:00 [restartedMain] INFO  %PARSER_ERROR[logger] - HHH000490: Using JtaPlatform implementation: [org.hibernate.engine.transaction.jta.platform.internal.NoJtaPlatform]
2020-03-15 12:35:00 [restartedMain] INFO  %PARSER_ERROR[logger] - Initialized JPA EntityManagerFactory for persistence unit 'default'
2020-03-15 12:35:00 [restartedMain] WARN  %PARSER_ERROR[logger] - spring.jpa.open-in-view is enabled by default. Therefore, database queries may be performed during view rendering. Explicitly configure spring.jpa.open-in-view to disable this warning
2020-03-15 12:35:00 [restartedMain] INFO  %PARSER_ERROR[logger] - Initializing ExecutorService 'applicationTaskExecutor'
2020-03-15 12:35:00 [restartedMain] WARN  %PARSER_ERROR[logger] - Unable to start LiveReload server
2020-03-15 12:35:00 [restartedMain] INFO  %PARSER_ERROR[logger] - Tomcat started on port(s): 8090 (http) with context path ''
2020-03-15 12:35:00 [restartedMain] INFO  %PARSER_ERROR[logger] - Started RcaRegistrationFormApplication in 1.176 seconds (JVM running for 2822.084)
2020-03-15 12:35:00 [restartedMain] INFO  %PARSER_ERROR[logger] - Condition evaluation unchanged
2020-03-15 12:35:28 [http-nio-8090-exec-1] INFO  %PARSER_ERROR[logger] - Initializing Spring DispatcherServlet 'dispatcherServlet'
2020-03-15 12:35:28 [http-nio-8090-exec-1] INFO  %PARSER_ERROR[logger] - Initializing Servlet 'dispatcherServlet'
2020-03-15 12:35:28 [http-nio-8090-exec-1] INFO  %PARSER_ERROR[logger] - Completed initialization in 20 ms
2020-03-15 12:37:52 [Thread-8] INFO  %PARSER_ERROR[logger] - Shutting down ExecutorService 'applicationTaskExecutor'
2020-03-15 12:37:52 [Thread-8] INFO  %PARSER_ERROR[logger] - Closing JPA EntityManagerFactory for persistence unit 'default'
2020-03-15 12:37:52 [Thread-8] INFO  %PARSER_ERROR[logger] - HikariPool-2 - Shutdown initiated...
2020-03-15 12:37:52 [Thread-8] INFO  %PARSER_ERROR[logger] - HikariPool-2 - Shutdown completed.
2020-03-15 12:37:52 [restartedMain] INFO  %PARSER_ERROR[logger] - Starting RcaRegistrationFormApplication on LAPTOP-3HQJ46KJ with PID 10784 (E:\CSM\RCARegistrationForm\RCARegistrationForm\target\classes started by HARAPRASAD in E:\CSM\RCARegistrationForm\RCARegistrationForm)
2020-03-15 12:37:52 [restartedMain] INFO  %PARSER_ERROR[logger] - No active profile set, falling back to default profiles: default
2020-03-15 12:37:53 [restartedMain] INFO  %PARSER_ERROR[logger] - Bootstrapping Spring Data JPA repositories in DEFAULT mode.
2020-03-15 12:37:53 [restartedMain] INFO  %PARSER_ERROR[logger] - Finished Spring Data repository scanning in 14ms. Found 4 JPA repository interfaces.
2020-03-15 12:37:53 [restartedMain] INFO  %PARSER_ERROR[logger] - Tomcat initialized with port(s): 8090 (http)
2020-03-15 12:37:53 [restartedMain] INFO  %PARSER_ERROR[logger] - Starting service [Tomcat]
2020-03-15 12:37:53 [restartedMain] INFO  %PARSER_ERROR[logger] - Starting Servlet engine: [Apache Tomcat/9.0.31]
2020-03-15 12:37:53 [restartedMain] INFO  %PARSER_ERROR[logger] - Initializing Spring embedded WebApplicationContext
2020-03-15 12:37:53 [restartedMain] INFO  %PARSER_ERROR[logger] - Root WebApplicationContext: initialization completed in 619 ms
2020-03-15 12:37:53 [restartedMain] INFO  %PARSER_ERROR[logger] - HikariPool-3 - Starting...
2020-03-15 12:37:53 [restartedMain] INFO  %PARSER_ERROR[logger] - HikariPool-3 - Start completed.
2020-03-15 12:37:53 [restartedMain] INFO  %PARSER_ERROR[logger] - HHH000204: Processing PersistenceUnitInfo [name: default]
2020-03-15 12:37:53 [restartedMain] INFO  %PARSER_ERROR[logger] - HHH000400: Using dialect: org.hibernate.dialect.MySQL8Dialect
2020-03-15 12:37:53 [restartedMain] INFO  %PARSER_ERROR[logger] - HHH000490: Using JtaPlatform implementation: [org.hibernate.engine.transaction.jta.platform.internal.NoJtaPlatform]
2020-03-15 12:37:53 [restartedMain] INFO  %PARSER_ERROR[logger] - Initialized JPA EntityManagerFactory for persistence unit 'default'
2020-03-15 12:37:53 [restartedMain] WARN  %PARSER_ERROR[logger] - spring.jpa.open-in-view is enabled by default. Therefore, database queries may be performed during view rendering. Explicitly configure spring.jpa.open-in-view to disable this warning
2020-03-15 12:37:53 [restartedMain] INFO  %PARSER_ERROR[logger] - Initializing ExecutorService 'applicationTaskExecutor'
2020-03-15 12:37:53 [restartedMain] WARN  %PARSER_ERROR[logger] - Unable to start LiveReload server
2020-03-15 12:37:53 [restartedMain] INFO  %PARSER_ERROR[logger] - Tomcat started on port(s): 8090 (http) with context path ''
2020-03-15 12:37:53 [restartedMain] INFO  %PARSER_ERROR[logger] - Started RcaRegistrationFormApplication in 1.184 seconds (JVM running for 2995.345)
2020-03-15 12:37:53 [restartedMain] INFO  %PARSER_ERROR[logger] - Condition evaluation unchanged
2020-03-15 12:39:36 [Thread-13] INFO  %PARSER_ERROR[logger] - Shutting down ExecutorService 'applicationTaskExecutor'
2020-03-15 12:39:36 [Thread-13] INFO  %PARSER_ERROR[logger] - Closing JPA EntityManagerFactory for persistence unit 'default'
2020-03-15 12:39:36 [Thread-13] INFO  %PARSER_ERROR[logger] - HikariPool-3 - Shutdown initiated...
2020-03-15 12:39:36 [Thread-13] INFO  %PARSER_ERROR[logger] - HikariPool-3 - Shutdown completed.
2020-03-15 12:39:37 [restartedMain] INFO  %PARSER_ERROR[logger] - Starting RcaRegistrationFormApplication on LAPTOP-3HQJ46KJ with PID 10784 (E:\CSM\RCARegistrationForm\RCARegistrationForm\target\classes started by HARAPRASAD in E:\CSM\RCARegistrationForm\RCARegistrationForm)
2020-03-15 12:39:37 [restartedMain] INFO  %PARSER_ERROR[logger] - No active profile set, falling back to default profiles: default
2020-03-15 12:39:37 [restartedMain] INFO  %PARSER_ERROR[logger] - Bootstrapping Spring Data JPA repositories in DEFAULT mode.
2020-03-15 12:39:37 [restartedMain] INFO  %PARSER_ERROR[logger] - Finished Spring Data repository scanning in 27ms. Found 4 JPA repository interfaces.
2020-03-15 12:39:37 [restartedMain] INFO  %PARSER_ERROR[logger] - Tomcat initialized with port(s): 8090 (http)
2020-03-15 12:39:37 [restartedMain] INFO  %PARSER_ERROR[logger] - Starting service [Tomcat]
2020-03-15 12:39:37 [restartedMain] INFO  %PARSER_ERROR[logger] - Starting Servlet engine: [Apache Tomcat/9.0.31]
2020-03-15 12:39:37 [restartedMain] INFO  %PARSER_ERROR[logger] - Initializing Spring embedded WebApplicationContext
2020-03-15 12:39:37 [restartedMain] INFO  %PARSER_ERROR[logger] - Root WebApplicationContext: initialization completed in 585 ms
2020-03-15 12:39:37 [restartedMain] INFO  %PARSER_ERROR[logger] - HikariPool-4 - Starting...
2020-03-15 12:39:37 [restartedMain] INFO  %PARSER_ERROR[logger] - HikariPool-4 - Start completed.
2020-03-15 12:39:37 [restartedMain] INFO  %PARSER_ERROR[logger] - HHH000204: Processing PersistenceUnitInfo [name: default]
2020-03-15 12:39:37 [restartedMain] INFO  %PARSER_ERROR[logger] - HHH000400: Using dialect: org.hibernate.dialect.MySQL8Dialect
2020-03-15 12:39:37 [restartedMain] INFO  %PARSER_ERROR[logger] - HHH000490: Using JtaPlatform implementation: [org.hibernate.engine.transaction.jta.platform.internal.NoJtaPlatform]
2020-03-15 12:39:37 [restartedMain] INFO  %PARSER_ERROR[logger] - Initialized JPA EntityManagerFactory for persistence unit 'default'
2020-03-15 12:39:38 [restartedMain] WARN  %PARSER_ERROR[logger] - spring.jpa.open-in-view is enabled by default. Therefore, database queries may be performed during view rendering. Explicitly configure spring.jpa.open-in-view to disable this warning
2020-03-15 12:39:38 [restartedMain] INFO  %PARSER_ERROR[logger] - Initializing ExecutorService 'applicationTaskExecutor'
2020-03-15 12:39:38 [restartedMain] WARN  %PARSER_ERROR[logger] - Unable to start LiveReload server
2020-03-15 12:39:38 [restartedMain] INFO  %PARSER_ERROR[logger] - Tomcat started on port(s): 8090 (http) with context path ''
2020-03-15 12:39:38 [restartedMain] INFO  %PARSER_ERROR[logger] - Started RcaRegistrationFormApplication in 1.166 seconds (JVM running for 3099.615)
2020-03-15 12:39:38 [restartedMain] INFO  %PARSER_ERROR[logger] - Condition evaluation unchanged
2020-03-15 12:39:46 [Thread-18] INFO  %PARSER_ERROR[logger] - Shutting down ExecutorService 'applicationTaskExecutor'
2020-03-15 12:39:46 [Thread-18] INFO  %PARSER_ERROR[logger] - Closing JPA EntityManagerFactory for persistence unit 'default'
2020-03-15 12:39:46 [Thread-18] INFO  %PARSER_ERROR[logger] - HikariPool-4 - Shutdown initiated...
2020-03-15 12:39:46 [Thread-18] INFO  %PARSER_ERROR[logger] - HikariPool-4 - Shutdown completed.
2020-03-15 12:39:47 [restartedMain] INFO  %PARSER_ERROR[logger] - Starting RcaRegistrationFormApplication on LAPTOP-3HQJ46KJ with PID 10784 (E:\CSM\RCARegistrationForm\RCARegistrationForm\target\classes started by HARAPRASAD in E:\CSM\RCARegistrationForm\RCARegistrationForm)
2020-03-15 12:39:47 [restartedMain] INFO  %PARSER_ERROR[logger] - No active profile set, falling back to default profiles: default
2020-03-15 12:39:47 [restartedMain] INFO  %PARSER_ERROR[logger] - Bootstrapping Spring Data JPA repositories in DEFAULT mode.
2020-03-15 12:39:47 [restartedMain] INFO  %PARSER_ERROR[logger] - Finished Spring Data repository scanning in 50ms. Found 4 JPA repository interfaces.
2020-03-15 12:39:47 [restartedMain] INFO  %PARSER_ERROR[logger] - Tomcat initialized with port(s): 8090 (http)
2020-03-15 12:39:47 [restartedMain] INFO  %PARSER_ERROR[logger] - Starting service [Tomcat]
2020-03-15 12:39:47 [restartedMain] INFO  %PARSER_ERROR[logger] - Starting Servlet engine: [Apache Tomcat/9.0.31]
2020-03-15 12:39:47 [restartedMain] INFO  %PARSER_ERROR[logger] - Initializing Spring embedded WebApplicationContext
2020-03-15 12:39:47 [restartedMain] INFO  %PARSER_ERROR[logger] - Root WebApplicationContext: initialization completed in 774 ms
2020-03-15 12:39:47 [restartedMain] INFO  %PARSER_ERROR[logger] - HikariPool-5 - Starting...
2020-03-15 12:39:47 [restartedMain] INFO  %PARSER_ERROR[logger] - HikariPool-5 - Start completed.
2020-03-15 12:39:47 [restartedMain] INFO  %PARSER_ERROR[logger] - HHH000204: Processing PersistenceUnitInfo [name: default]
2020-03-15 12:39:47 [restartedMain] INFO  %PARSER_ERROR[logger] - HHH000400: Using dialect: org.hibernate.dialect.MySQL8Dialect
2020-03-15 12:39:48 [restartedMain] INFO  %PARSER_ERROR[logger] - HHH000490: Using JtaPlatform implementation: [org.hibernate.engine.transaction.jta.platform.internal.NoJtaPlatform]
2020-03-15 12:39:48 [restartedMain] INFO  %PARSER_ERROR[logger] - Initialized JPA EntityManagerFactory for persistence unit 'default'
2020-03-15 12:39:48 [restartedMain] WARN  %PARSER_ERROR[logger] - Exception encountered during context initialization - cancelling refresh attempt: org.springframework.beans.factory.BeanCreationException: Error creating bean with name 'languagepagecontroller': Lookup method resolution failed; nested exception is java.lang.IllegalStateException: Failed to introspect Class [com.csm.web.controller.Languagepagecontroller] from ClassLoader [org.springframework.boot.devtools.restart.classloader.RestartClassLoader@6abcacd3]
2020-03-15 12:39:48 [restartedMain] INFO  %PARSER_ERROR[logger] - Closing JPA EntityManagerFactory for persistence unit 'default'
2020-03-15 12:39:48 [restartedMain] INFO  %PARSER_ERROR[logger] - HikariPool-5 - Shutdown initiated...
2020-03-15 12:39:48 [restartedMain] INFO  %PARSER_ERROR[logger] - HikariPool-5 - Shutdown completed.
2020-03-15 12:39:48 [restartedMain] INFO  %PARSER_ERROR[logger] - Stopping service [Tomcat]
2020-03-15 12:39:48 [restartedMain] INFO  %PARSER_ERROR[logger] - 

Error starting ApplicationContext. To display the conditions report re-run your application with 'debug' enabled.
2020-03-15 12:39:48 [restartedMain] ERROR %PARSER_ERROR[logger] - Application run failed
org.springframework.beans.factory.BeanCreationException: Error creating bean with name 'languagepagecontroller': Lookup method resolution failed; nested exception is java.lang.IllegalStateException: Failed to introspect Class [com.csm.web.controller.Languagepagecontroller] from ClassLoader [org.springframework.boot.devtools.restart.classloader.RestartClassLoader@6abcacd3]
	at org.springframework.beans.factory.annotation.AutowiredAnnotationBeanPostProcessor.determineCandidateConstructors(AutowiredAnnotationBeanPostProcessor.java:289) ~[spring-beans-5.2.4.RELEASE.jar:5.2.4.RELEASE]
	at org.springframework.beans.factory.support.AbstractAutowireCapableBeanFactory.determineConstructorsFromBeanPostProcessors(AbstractAutowireCapableBeanFactory.java:1286) ~[spring-beans-5.2.4.RELEASE.jar:5.2.4.RELEASE]
	at org.springframework.beans.factory.support.AbstractAutowireCapableBeanFactory.createBeanInstance(AbstractAutowireCapableBeanFactory.java:1201) ~[spring-beans-5.2.4.RELEASE.jar:5.2.4.RELEASE]
	at org.springframework.beans.factory.support.AbstractAutowireCapableBeanFactory.doCreateBean(AbstractAutowireCapableBeanFactory.java:557) ~[spring-beans-5.2.4.RELEASE.jar:5.2.4.RELEASE]
	at org.springframework.beans.factory.support.AbstractAutowireCapableBeanFactory.createBean(AbstractAutowireCapableBeanFactory.java:517) ~[spring-beans-5.2.4.RELEASE.jar:5.2.4.RELEASE]
	at org.springframework.beans.factory.support.AbstractBeanFactory.lambda$doGetBean$0(AbstractBeanFactory.java:323) ~[spring-beans-5.2.4.RELEASE.jar:5.2.4.RELEASE]
	at org.springframework.beans.factory.support.DefaultSingletonBeanRegistry.getSingleton(DefaultSingletonBeanRegistry.java:222) ~[spring-beans-5.2.4.RELEASE.jar:5.2.4.RELEASE]
	at org.springframework.beans.factory.support.AbstractBeanFactory.doGetBean(AbstractBeanFactory.java:321) ~[spring-beans-5.2.4.RELEASE.jar:5.2.4.RELEASE]
	at org.springframework.beans.factory.support.AbstractBeanFactory.getBean(AbstractBeanFactory.java:202) ~[spring-beans-5.2.4.RELEASE.jar:5.2.4.RELEASE]
	at org.springframework.beans.factory.support.DefaultListableBeanFactory.preInstantiateSingletons(DefaultListableBeanFactory.java:879) ~[spring-beans-5.2.4.RELEASE.jar:5.2.4.RELEASE]
	at org.springframework.context.support.AbstractApplicationContext.finishBeanFactoryInitialization(AbstractApplicationContext.java:878) ~[spring-context-5.2.4.RELEASE.jar:5.2.4.RELEASE]
	at org.springframework.context.support.AbstractApplicationContext.refresh(AbstractApplicationContext.java:550) ~[spring-context-5.2.4.RELEASE.jar:5.2.4.RELEASE]
	at org.springframework.boot.web.servlet.context.ServletWebServerApplicationContext.refresh(ServletWebServerApplicationContext.java:141) ~[spring-boot-2.2.5.RELEASE.jar:2.2.5.RELEASE]
	at org.springframework.boot.SpringApplication.refresh(SpringApplication.java:747) [spring-boot-2.2.5.RELEASE.jar:2.2.5.RELEASE]
	at org.springframework.boot.SpringApplication.refreshContext(SpringApplication.java:397) [spring-boot-2.2.5.RELEASE.jar:2.2.5.RELEASE]
	at org.springframework.boot.SpringApplication.run(SpringApplication.java:315) [spring-boot-2.2.5.RELEASE.jar:2.2.5.RELEASE]
	at org.springframework.boot.SpringApplication.run(SpringApplication.java:1226) [spring-boot-2.2.5.RELEASE.jar:2.2.5.RELEASE]
	at org.springframework.boot.SpringApplication.run(SpringApplication.java:1215) [spring-boot-2.2.5.RELEASE.jar:2.2.5.RELEASE]
	at com.csm.web.RcaRegistrationFormApplication.main(RcaRegistrationFormApplication.java:10) [classes/:na]
	at sun.reflect.NativeMethodAccessorImpl.invoke0(Native Method) ~[na:1.8.0_201]
	at sun.reflect.NativeMethodAccessorImpl.invoke(Unknown Source) ~[na:1.8.0_201]
	at sun.reflect.DelegatingMethodAccessorImpl.invoke(Unknown Source) ~[na:1.8.0_201]
	at java.lang.reflect.Method.invoke(Unknown Source) ~[na:1.8.0_201]
	at org.springframework.boot.devtools.restart.RestartLauncher.run(RestartLauncher.java:49) [spring-boot-devtools-2.2.5.RELEASE.jar:2.2.5.RELEASE]
Caused by: java.lang.IllegalStateException: Failed to introspect Class [com.csm.web.controller.Languagepagecontroller] from ClassLoader [org.springframework.boot.devtools.restart.classloader.RestartClassLoader@6abcacd3]
	at org.springframework.util.ReflectionUtils.getDeclaredMethods(ReflectionUtils.java:481) ~[spring-core-5.2.4.RELEASE.jar:5.2.4.RELEASE]
	at org.springframework.util.ReflectionUtils.doWithLocalMethods(ReflectionUtils.java:321) ~[spring-core-5.2.4.RELEASE.jar:5.2.4.RELEASE]
	at org.springframework.beans.factory.annotation.AutowiredAnnotationBeanPostProcessor.determineCandidateConstructors(AutowiredAnnotationBeanPostProcessor.java:267) ~[spring-beans-5.2.4.RELEASE.jar:5.2.4.RELEASE]
	... 23 common frames omitted
Caused by: java.lang.NoClassDefFoundError: org/json/JSONException
	at java.lang.Class.getDeclaredMethods0(Native Method) ~[na:1.8.0_201]
	at java.lang.Class.privateGetDeclaredMethods(Unknown Source) ~[na:1.8.0_201]
	at java.lang.Class.getDeclaredMethods(Unknown Source) ~[na:1.8.0_201]
	at org.springframework.util.ReflectionUtils.getDeclaredMethods(ReflectionUtils.java:463) ~[spring-core-5.2.4.RELEASE.jar:5.2.4.RELEASE]
	... 25 common frames omitted
Caused by: java.lang.ClassNotFoundException: org.json.JSONException
	at java.net.URLClassLoader.findClass(Unknown Source) ~[na:1.8.0_201]
	at java.lang.ClassLoader.loadClass(Unknown Source) ~[na:1.8.0_201]
	at sun.misc.Launcher$AppClassLoader.loadClass(Unknown Source) ~[na:1.8.0_201]
	at java.lang.ClassLoader.loadClass(Unknown Source) ~[na:1.8.0_201]
	at org.springframework.boot.devtools.restart.classloader.RestartClassLoader.loadClass(RestartClassLoader.java:144) ~[spring-boot-devtools-2.2.5.RELEASE.jar:2.2.5.RELEASE]
	at java.lang.ClassLoader.loadClass(Unknown Source) ~[na:1.8.0_201]
	... 29 common frames omitted
2020-03-15 12:49:15 [restartedMain] INFO  %PARSER_ERROR[logger] - Starting RcaRegistrationFormApplication on LAPTOP-3HQJ46KJ with PID 10784 (E:\CSM\RCARegistrationForm\RCARegistrationForm\target\classes started by HARAPRASAD in E:\CSM\RCARegistrationForm\RCARegistrationForm)
2020-03-15 12:49:15 [restartedMain] INFO  %PARSER_ERROR[logger] - No active profile set, falling back to default profiles: default
2020-03-15 12:49:15 [restartedMain] INFO  %PARSER_ERROR[logger] - Bootstrapping Spring Data JPA repositories in DEFAULT mode.
2020-03-15 12:49:15 [restartedMain] INFO  %PARSER_ERROR[logger] - Finished Spring Data repository scanning in 13ms. Found 4 JPA repository interfaces.
2020-03-15 12:49:15 [restartedMain] INFO  %PARSER_ERROR[logger] - Tomcat initialized with port(s): 8090 (http)
2020-03-15 12:49:15 [restartedMain] INFO  %PARSER_ERROR[logger] - Starting service [Tomcat]
2020-03-15 12:49:15 [restartedMain] INFO  %PARSER_ERROR[logger] - Starting Servlet engine: [Apache Tomcat/9.0.31]
2020-03-15 12:49:15 [restartedMain] INFO  %PARSER_ERROR[logger] - Initializing Spring embedded WebApplicationContext
2020-03-15 12:49:15 [restartedMain] INFO  %PARSER_ERROR[logger] - Root WebApplicationContext: initialization completed in 516 ms
2020-03-15 12:49:15 [restartedMain] INFO  %PARSER_ERROR[logger] - HikariPool-6 - Starting...
2020-03-15 12:49:15 [restartedMain] INFO  %PARSER_ERROR[logger] - HikariPool-6 - Start completed.
2020-03-15 12:49:15 [restartedMain] INFO  %PARSER_ERROR[logger] - HHH000204: Processing PersistenceUnitInfo [name: default]
2020-03-15 12:49:15 [restartedMain] INFO  %PARSER_ERROR[logger] - HHH000400: Using dialect: org.hibernate.dialect.MySQL8Dialect
2020-03-15 12:49:15 [restartedMain] INFO  %PARSER_ERROR[logger] - HHH000490: Using JtaPlatform implementation: [org.hibernate.engine.transaction.jta.platform.internal.NoJtaPlatform]
2020-03-15 12:49:15 [restartedMain] INFO  %PARSER_ERROR[logger] - Initialized JPA EntityManagerFactory for persistence unit 'default'
2020-03-15 12:49:15 [restartedMain] WARN  %PARSER_ERROR[logger] - Exception encountered during context initialization - cancelling refresh attempt: org.springframework.beans.factory.BeanCreationException: Error creating bean with name 'languagepagecontroller': Lookup method resolution failed; nested exception is java.lang.IllegalStateException: Failed to introspect Class [com.csm.web.controller.Languagepagecontroller] from ClassLoader [org.springframework.boot.devtools.restart.classloader.RestartClassLoader@d588139]
2020-03-15 12:49:15 [restartedMain] INFO  %PARSER_ERROR[logger] - Closing JPA EntityManagerFactory for persistence unit 'default'
2020-03-15 12:49:15 [restartedMain] INFO  %PARSER_ERROR[logger] - HikariPool-6 - Shutdown initiated...
2020-03-15 12:49:15 [restartedMain] INFO  %PARSER_ERROR[logger] - HikariPool-6 - Shutdown completed.
2020-03-15 12:49:15 [restartedMain] INFO  %PARSER_ERROR[logger] - Stopping service [Tomcat]
2020-03-15 12:49:15 [restartedMain] INFO  %PARSER_ERROR[logger] - 

Error starting ApplicationContext. To display the conditions report re-run your application with 'debug' enabled.
2020-03-15 12:49:15 [restartedMain] ERROR %PARSER_ERROR[logger] - Application run failed
org.springframework.beans.factory.BeanCreationException: Error creating bean with name 'languagepagecontroller': Lookup method resolution failed; nested exception is java.lang.IllegalStateException: Failed to introspect Class [com.csm.web.controller.Languagepagecontroller] from ClassLoader [org.springframework.boot.devtools.restart.classloader.RestartClassLoader@d588139]
	at org.springframework.beans.factory.annotation.AutowiredAnnotationBeanPostProcessor.determineCandidateConstructors(AutowiredAnnotationBeanPostProcessor.java:289) ~[spring-beans-5.2.4.RELEASE.jar:5.2.4.RELEASE]
	at org.springframework.beans.factory.support.AbstractAutowireCapableBeanFactory.determineConstructorsFromBeanPostProcessors(AbstractAutowireCapableBeanFactory.java:1286) ~[spring-beans-5.2.4.RELEASE.jar:5.2.4.RELEASE]
	at org.springframework.beans.factory.support.AbstractAutowireCapableBeanFactory.createBeanInstance(AbstractAutowireCapableBeanFactory.java:1201) ~[spring-beans-5.2.4.RELEASE.jar:5.2.4.RELEASE]
	at org.springframework.beans.factory.support.AbstractAutowireCapableBeanFactory.doCreateBean(AbstractAutowireCapableBeanFactory.java:557) ~[spring-beans-5.2.4.RELEASE.jar:5.2.4.RELEASE]
	at org.springframework.beans.factory.support.AbstractAutowireCapableBeanFactory.createBean(AbstractAutowireCapableBeanFactory.java:517) ~[spring-beans-5.2.4.RELEASE.jar:5.2.4.RELEASE]
	at org.springframework.beans.factory.support.AbstractBeanFactory.lambda$doGetBean$0(AbstractBeanFactory.java:323) ~[spring-beans-5.2.4.RELEASE.jar:5.2.4.RELEASE]
	at org.springframework.beans.factory.support.DefaultSingletonBeanRegistry.getSingleton(DefaultSingletonBeanRegistry.java:222) ~[spring-beans-5.2.4.RELEASE.jar:5.2.4.RELEASE]
	at org.springframework.beans.factory.support.AbstractBeanFactory.doGetBean(AbstractBeanFactory.java:321) ~[spring-beans-5.2.4.RELEASE.jar:5.2.4.RELEASE]
	at org.springframework.beans.factory.support.AbstractBeanFactory.getBean(AbstractBeanFactory.java:202) ~[spring-beans-5.2.4.RELEASE.jar:5.2.4.RELEASE]
	at org.springframework.beans.factory.support.DefaultListableBeanFactory.preInstantiateSingletons(DefaultListableBeanFactory.java:879) ~[spring-beans-5.2.4.RELEASE.jar:5.2.4.RELEASE]
	at org.springframework.context.support.AbstractApplicationContext.finishBeanFactoryInitialization(AbstractApplicationContext.java:878) ~[spring-context-5.2.4.RELEASE.jar:5.2.4.RELEASE]
	at org.springframework.context.support.AbstractApplicationContext.refresh(AbstractApplicationContext.java:550) ~[spring-context-5.2.4.RELEASE.jar:5.2.4.RELEASE]
	at org.springframework.boot.web.servlet.context.ServletWebServerApplicationContext.refresh(ServletWebServerApplicationContext.java:141) ~[spring-boot-2.2.5.RELEASE.jar:2.2.5.RELEASE]
	at org.springframework.boot.SpringApplication.refresh(SpringApplication.java:747) [spring-boot-2.2.5.RELEASE.jar:2.2.5.RELEASE]
	at org.springframework.boot.SpringApplication.refreshContext(SpringApplication.java:397) [spring-boot-2.2.5.RELEASE.jar:2.2.5.RELEASE]
	at org.springframework.boot.SpringApplication.run(SpringApplication.java:315) [spring-boot-2.2.5.RELEASE.jar:2.2.5.RELEASE]
	at org.springframework.boot.SpringApplication.run(SpringApplication.java:1226) [spring-boot-2.2.5.RELEASE.jar:2.2.5.RELEASE]
	at org.springframework.boot.SpringApplication.run(SpringApplication.java:1215) [spring-boot-2.2.5.RELEASE.jar:2.2.5.RELEASE]
	at com.csm.web.RcaRegistrationFormApplication.main(RcaRegistrationFormApplication.java:10) [classes/:na]
	at sun.reflect.NativeMethodAccessorImpl.invoke0(Native Method) ~[na:1.8.0_201]
	at sun.reflect.NativeMethodAccessorImpl.invoke(Unknown Source) ~[na:1.8.0_201]
	at sun.reflect.DelegatingMethodAccessorImpl.invoke(Unknown Source) ~[na:1.8.0_201]
	at java.lang.reflect.Method.invoke(Unknown Source) ~[na:1.8.0_201]
	at org.springframework.boot.devtools.restart.RestartLauncher.run(RestartLauncher.java:49) [spring-boot-devtools-2.2.5.RELEASE.jar:2.2.5.RELEASE]
Caused by: java.lang.IllegalStateException: Failed to introspect Class [com.csm.web.controller.Languagepagecontroller] from ClassLoader [org.springframework.boot.devtools.restart.classloader.RestartClassLoader@d588139]
	at org.springframework.util.ReflectionUtils.getDeclaredMethods(ReflectionUtils.java:481) ~[spring-core-5.2.4.RELEASE.jar:5.2.4.RELEASE]
	at org.springframework.util.ReflectionUtils.doWithLocalMethods(ReflectionUtils.java:321) ~[spring-core-5.2.4.RELEASE.jar:5.2.4.RELEASE]
	at org.springframework.beans.factory.annotation.AutowiredAnnotationBeanPostProcessor.determineCandidateConstructors(AutowiredAnnotationBeanPostProcessor.java:267) ~[spring-beans-5.2.4.RELEASE.jar:5.2.4.RELEASE]
	... 23 common frames omitted
Caused by: java.lang.NoClassDefFoundError: org/json/JSONException
	at java.lang.Class.getDeclaredMethods0(Native Method) ~[na:1.8.0_201]
	at java.lang.Class.privateGetDeclaredMethods(Unknown Source) ~[na:1.8.0_201]
	at java.lang.Class.getDeclaredMethods(Unknown Source) ~[na:1.8.0_201]
	at org.springframework.util.ReflectionUtils.getDeclaredMethods(ReflectionUtils.java:463) ~[spring-core-5.2.4.RELEASE.jar:5.2.4.RELEASE]
	... 25 common frames omitted
Caused by: java.lang.ClassNotFoundException: org.json.JSONException
	at java.net.URLClassLoader.findClass(Unknown Source) ~[na:1.8.0_201]
	at java.lang.ClassLoader.loadClass(Unknown Source) ~[na:1.8.0_201]
	at sun.misc.Launcher$AppClassLoader.loadClass(Unknown Source) ~[na:1.8.0_201]
	at java.lang.ClassLoader.loadClass(Unknown Source) ~[na:1.8.0_201]
	at org.springframework.boot.devtools.restart.classloader.RestartClassLoader.loadClass(RestartClassLoader.java:144) ~[spring-boot-devtools-2.2.5.RELEASE.jar:2.2.5.RELEASE]
	at java.lang.ClassLoader.loadClass(Unknown Source) ~[na:1.8.0_201]
	... 29 common frames omitted
2020-03-15 12:50:34 [restartedMain] INFO  %PARSER_ERROR[logger] - Starting RcaRegistrationFormApplication on LAPTOP-3HQJ46KJ with PID 10784 (E:\CSM\RCARegistrationForm\RCARegistrationForm\target\classes started by HARAPRASAD in E:\CSM\RCARegistrationForm\RCARegistrationForm)
2020-03-15 12:50:34 [restartedMain] INFO  %PARSER_ERROR[logger] - No active profile set, falling back to default profiles: default
2020-03-15 12:50:35 [restartedMain] INFO  %PARSER_ERROR[logger] - Bootstrapping Spring Data JPA repositories in DEFAULT mode.
2020-03-15 12:50:35 [restartedMain] INFO  %PARSER_ERROR[logger] - Finished Spring Data repository scanning in 13ms. Found 4 JPA repository interfaces.
2020-03-15 12:50:35 [restartedMain] INFO  %PARSER_ERROR[logger] - Tomcat initialized with port(s): 8090 (http)
2020-03-15 12:50:35 [restartedMain] INFO  %PARSER_ERROR[logger] - Starting service [Tomcat]
2020-03-15 12:50:35 [restartedMain] INFO  %PARSER_ERROR[logger] - Starting Servlet engine: [Apache Tomcat/9.0.31]
2020-03-15 12:50:35 [restartedMain] INFO  %PARSER_ERROR[logger] - Initializing Spring embedded WebApplicationContext
2020-03-15 12:50:35 [restartedMain] INFO  %PARSER_ERROR[logger] - Root WebApplicationContext: initialization completed in 416 ms
2020-03-15 12:50:35 [restartedMain] INFO  %PARSER_ERROR[logger] - HikariPool-7 - Starting...
2020-03-15 12:50:35 [restartedMain] INFO  %PARSER_ERROR[logger] - HikariPool-7 - Start completed.
2020-03-15 12:50:35 [restartedMain] INFO  %PARSER_ERROR[logger] - HHH000204: Processing PersistenceUnitInfo [name: default]
2020-03-15 12:50:35 [restartedMain] INFO  %PARSER_ERROR[logger] - HHH000400: Using dialect: org.hibernate.dialect.MySQL8Dialect
2020-03-15 12:50:35 [restartedMain] INFO  %PARSER_ERROR[logger] - HHH000490: Using JtaPlatform implementation: [org.hibernate.engine.transaction.jta.platform.internal.NoJtaPlatform]
2020-03-15 12:50:35 [restartedMain] INFO  %PARSER_ERROR[logger] - Initialized JPA EntityManagerFactory for persistence unit 'default'
2020-03-15 12:50:35 [restartedMain] WARN  %PARSER_ERROR[logger] - Exception encountered during context initialization - cancelling refresh attempt: org.springframework.beans.factory.BeanCreationException: Error creating bean with name 'languagepagecontroller': Lookup method resolution failed; nested exception is java.lang.IllegalStateException: Failed to introspect Class [com.csm.web.controller.Languagepagecontroller] from ClassLoader [org.springframework.boot.devtools.restart.classloader.RestartClassLoader@406c309]
2020-03-15 12:50:35 [restartedMain] INFO  %PARSER_ERROR[logger] - Closing JPA EntityManagerFactory for persistence unit 'default'
2020-03-15 12:50:35 [restartedMain] INFO  %PARSER_ERROR[logger] - HikariPool-7 - Shutdown initiated...
2020-03-15 12:50:35 [restartedMain] INFO  %PARSER_ERROR[logger] - HikariPool-7 - Shutdown completed.
2020-03-15 12:50:35 [restartedMain] INFO  %PARSER_ERROR[logger] - Stopping service [Tomcat]
2020-03-15 12:50:35 [restartedMain] INFO  %PARSER_ERROR[logger] - 

Error starting ApplicationContext. To display the conditions report re-run your application with 'debug' enabled.
2020-03-15 12:50:35 [restartedMain] ERROR %PARSER_ERROR[logger] - Application run failed
org.springframework.beans.factory.BeanCreationException: Error creating bean with name 'languagepagecontroller': Lookup method resolution failed; nested exception is java.lang.IllegalStateException: Failed to introspect Class [com.csm.web.controller.Languagepagecontroller] from ClassLoader [org.springframework.boot.devtools.restart.classloader.RestartClassLoader@406c309]
	at org.springframework.beans.factory.annotation.AutowiredAnnotationBeanPostProcessor.determineCandidateConstructors(AutowiredAnnotationBeanPostProcessor.java:289) ~[spring-beans-5.2.4.RELEASE.jar:5.2.4.RELEASE]
	at org.springframework.beans.factory.support.AbstractAutowireCapableBeanFactory.determineConstructorsFromBeanPostProcessors(AbstractAutowireCapableBeanFactory.java:1286) ~[spring-beans-5.2.4.RELEASE.jar:5.2.4.RELEASE]
	at org.springframework.beans.factory.support.AbstractAutowireCapableBeanFactory.createBeanInstance(AbstractAutowireCapableBeanFactory.java:1201) ~[spring-beans-5.2.4.RELEASE.jar:5.2.4.RELEASE]
	at org.springframework.beans.factory.support.AbstractAutowireCapableBeanFactory.doCreateBean(AbstractAutowireCapableBeanFactory.java:557) ~[spring-beans-5.2.4.RELEASE.jar:5.2.4.RELEASE]
	at org.springframework.beans.factory.support.AbstractAutowireCapableBeanFactory.createBean(AbstractAutowireCapableBeanFactory.java:517) ~[spring-beans-5.2.4.RELEASE.jar:5.2.4.RELEASE]
	at org.springframework.beans.factory.support.AbstractBeanFactory.lambda$doGetBean$0(AbstractBeanFactory.java:323) ~[spring-beans-5.2.4.RELEASE.jar:5.2.4.RELEASE]
	at org.springframework.beans.factory.support.DefaultSingletonBeanRegistry.getSingleton(DefaultSingletonBeanRegistry.java:222) ~[spring-beans-5.2.4.RELEASE.jar:5.2.4.RELEASE]
	at org.springframework.beans.factory.support.AbstractBeanFactory.doGetBean(AbstractBeanFactory.java:321) ~[spring-beans-5.2.4.RELEASE.jar:5.2.4.RELEASE]
	at org.springframework.beans.factory.support.AbstractBeanFactory.getBean(AbstractBeanFactory.java:202) ~[spring-beans-5.2.4.RELEASE.jar:5.2.4.RELEASE]
	at org.springframework.beans.factory.support.DefaultListableBeanFactory.preInstantiateSingletons(DefaultListableBeanFactory.java:879) ~[spring-beans-5.2.4.RELEASE.jar:5.2.4.RELEASE]
	at org.springframework.context.support.AbstractApplicationContext.finishBeanFactoryInitialization(AbstractApplicationContext.java:878) ~[spring-context-5.2.4.RELEASE.jar:5.2.4.RELEASE]
	at org.springframework.context.support.AbstractApplicationContext.refresh(AbstractApplicationContext.java:550) ~[spring-context-5.2.4.RELEASE.jar:5.2.4.RELEASE]
	at org.springframework.boot.web.servlet.context.ServletWebServerApplicationContext.refresh(ServletWebServerApplicationContext.java:141) ~[spring-boot-2.2.5.RELEASE.jar:2.2.5.RELEASE]
	at org.springframework.boot.SpringApplication.refresh(SpringApplication.java:747) [spring-boot-2.2.5.RELEASE.jar:2.2.5.RELEASE]
	at org.springframework.boot.SpringApplication.refreshContext(SpringApplication.java:397) [spring-boot-2.2.5.RELEASE.jar:2.2.5.RELEASE]
	at org.springframework.boot.SpringApplication.run(SpringApplication.java:315) [spring-boot-2.2.5.RELEASE.jar:2.2.5.RELEASE]
	at org.springframework.boot.SpringApplication.run(SpringApplication.java:1226) [spring-boot-2.2.5.RELEASE.jar:2.2.5.RELEASE]
	at org.springframework.boot.SpringApplication.run(SpringApplication.java:1215) [spring-boot-2.2.5.RELEASE.jar:2.2.5.RELEASE]
	at com.csm.web.RcaRegistrationFormApplication.main(RcaRegistrationFormApplication.java:10) [classes/:na]
	at sun.reflect.NativeMethodAccessorImpl.invoke0(Native Method) ~[na:1.8.0_201]
	at sun.reflect.NativeMethodAccessorImpl.invoke(Unknown Source) ~[na:1.8.0_201]
	at sun.reflect.DelegatingMethodAccessorImpl.invoke(Unknown Source) ~[na:1.8.0_201]
	at java.lang.reflect.Method.invoke(Unknown Source) ~[na:1.8.0_201]
	at org.springframework.boot.devtools.restart.RestartLauncher.run(RestartLauncher.java:49) [spring-boot-devtools-2.2.5.RELEASE.jar:2.2.5.RELEASE]
Caused by: java.lang.IllegalStateException: Failed to introspect Class [com.csm.web.controller.Languagepagecontroller] from ClassLoader [org.springframework.boot.devtools.restart.classloader.RestartClassLoader@406c309]
	at org.springframework.util.ReflectionUtils.getDeclaredMethods(ReflectionUtils.java:481) ~[spring-core-5.2.4.RELEASE.jar:5.2.4.RELEASE]
	at org.springframework.util.ReflectionUtils.doWithLocalMethods(ReflectionUtils.java:321) ~[spring-core-5.2.4.RELEASE.jar:5.2.4.RELEASE]
	at org.springframework.beans.factory.annotation.AutowiredAnnotationBeanPostProcessor.determineCandidateConstructors(AutowiredAnnotationBeanPostProcessor.java:267) ~[spring-beans-5.2.4.RELEASE.jar:5.2.4.RELEASE]
	... 23 common frames omitted
Caused by: java.lang.NoClassDefFoundError: org/json/JSONException
	at java.lang.Class.getDeclaredMethods0(Native Method) ~[na:1.8.0_201]
	at java.lang.Class.privateGetDeclaredMethods(Unknown Source) ~[na:1.8.0_201]
	at java.lang.Class.getDeclaredMethods(Unknown Source) ~[na:1.8.0_201]
	at org.springframework.util.ReflectionUtils.getDeclaredMethods(ReflectionUtils.java:463) ~[spring-core-5.2.4.RELEASE.jar:5.2.4.RELEASE]
	... 25 common frames omitted
Caused by: java.lang.ClassNotFoundException: org.json.JSONException
	at java.net.URLClassLoader.findClass(Unknown Source) ~[na:1.8.0_201]
	at java.lang.ClassLoader.loadClass(Unknown Source) ~[na:1.8.0_201]
	at sun.misc.Launcher$AppClassLoader.loadClass(Unknown Source) ~[na:1.8.0_201]
	at java.lang.ClassLoader.loadClass(Unknown Source) ~[na:1.8.0_201]
	at org.springframework.boot.devtools.restart.classloader.RestartClassLoader.loadClass(RestartClassLoader.java:144) ~[spring-boot-devtools-2.2.5.RELEASE.jar:2.2.5.RELEASE]
	at java.lang.ClassLoader.loadClass(Unknown Source) ~[na:1.8.0_201]
	... 29 common frames omitted
2020-03-15 12:51:33 [restartedMain] INFO  %PARSER_ERROR[logger] - Starting RcaRegistrationFormApplication on LAPTOP-3HQJ46KJ with PID 19776 (E:\CSM\RCARegistrationForm\RCARegistrationForm\target\classes started by HARAPRASAD in E:\CSM\RCARegistrationForm\RCARegistrationForm)
2020-03-15 12:51:33 [restartedMain] INFO  %PARSER_ERROR[logger] - No active profile set, falling back to default profiles: default
2020-03-15 12:51:33 [restartedMain] INFO  %PARSER_ERROR[logger] - The Class-Path manifest attribute in C:\Users\user\.m2\repository\org\glassfish\jaxb\jaxb-runtime\2.3.2\jaxb-runtime-2.3.2.jar referenced one or more files that do not exist: file:/C:/Users/user/.m2/repository/org/glassfish/jaxb/jaxb-runtime/2.3.2/jakarta.xml.bind-api-2.3.2.jar,file:/C:/Users/user/.m2/repository/org/glassfish/jaxb/jaxb-runtime/2.3.2/txw2-2.3.2.jar,file:/C:/Users/user/.m2/repository/org/glassfish/jaxb/jaxb-runtime/2.3.2/istack-commons-runtime-3.0.8.jar,file:/C:/Users/user/.m2/repository/org/glassfish/jaxb/jaxb-runtime/2.3.2/stax-ex-1.8.1.jar,file:/C:/Users/user/.m2/repository/org/glassfish/jaxb/jaxb-runtime/2.3.2/FastInfoset-1.2.16.jar,file:/C:/Users/user/.m2/repository/org/glassfish/jaxb/jaxb-runtime/2.3.2/jakarta.activation-api-1.2.1.jar
2020-03-15 12:51:33 [restartedMain] INFO  %PARSER_ERROR[logger] - Devtools property defaults active! Set 'spring.devtools.add-properties' to 'false' to disable
2020-03-15 12:51:33 [restartedMain] INFO  %PARSER_ERROR[logger] - For additional web related logging consider setting the 'logging.level.web' property to 'DEBUG'
2020-03-15 12:51:34 [restartedMain] INFO  %PARSER_ERROR[logger] - Bootstrapping Spring Data JPA repositories in DEFAULT mode.
2020-03-15 12:51:34 [restartedMain] INFO  %PARSER_ERROR[logger] - Finished Spring Data repository scanning in 96ms. Found 4 JPA repository interfaces.
2020-03-15 12:51:35 [restartedMain] INFO  %PARSER_ERROR[logger] - Tomcat initialized with port(s): 8090 (http)
2020-03-15 12:51:35 [restartedMain] INFO  %PARSER_ERROR[logger] - Starting service [Tomcat]
2020-03-15 12:51:35 [restartedMain] INFO  %PARSER_ERROR[logger] - Starting Servlet engine: [Apache Tomcat/9.0.31]
2020-03-15 12:51:35 [restartedMain] INFO  %PARSER_ERROR[logger] - Initializing Spring embedded WebApplicationContext
2020-03-15 12:51:35 [restartedMain] INFO  %PARSER_ERROR[logger] - Root WebApplicationContext: initialization completed in 1975 ms
2020-03-15 12:51:35 [restartedMain] INFO  %PARSER_ERROR[logger] - HikariPool-1 - Starting...
2020-03-15 12:51:36 [restartedMain] INFO  %PARSER_ERROR[logger] - HikariPool-1 - Start completed.
2020-03-15 12:51:36 [restartedMain] INFO  %PARSER_ERROR[logger] - HHH000204: Processing PersistenceUnitInfo [name: default]
2020-03-15 12:51:36 [restartedMain] INFO  %PARSER_ERROR[logger] - HHH000412: Hibernate ORM core version 5.4.12.Final
2020-03-15 12:51:37 [restartedMain] INFO  %PARSER_ERROR[logger] - HCANN000001: Hibernate Commons Annotations {5.1.0.Final}
2020-03-15 12:51:37 [restartedMain] INFO  %PARSER_ERROR[logger] - HHH000400: Using dialect: org.hibernate.dialect.MySQL8Dialect
2020-03-15 12:51:37 [restartedMain] INFO  %PARSER_ERROR[logger] - HHH000490: Using JtaPlatform implementation: [org.hibernate.engine.transaction.jta.platform.internal.NoJtaPlatform]
2020-03-15 12:51:37 [restartedMain] INFO  %PARSER_ERROR[logger] - Initialized JPA EntityManagerFactory for persistence unit 'default'
2020-03-15 12:51:38 [restartedMain] WARN  %PARSER_ERROR[logger] - spring.jpa.open-in-view is enabled by default. Therefore, database queries may be performed during view rendering. Explicitly configure spring.jpa.open-in-view to disable this warning
2020-03-15 12:51:39 [restartedMain] INFO  %PARSER_ERROR[logger] - Initializing ExecutorService 'applicationTaskExecutor'
2020-03-15 12:51:39 [restartedMain] WARN  %PARSER_ERROR[logger] - Unable to start LiveReload server
2020-03-15 12:51:39 [restartedMain] INFO  %PARSER_ERROR[logger] - Tomcat started on port(s): 8090 (http) with context path ''
2020-03-15 12:51:39 [restartedMain] INFO  %PARSER_ERROR[logger] - Started RcaRegistrationFormApplication in 6.205 seconds (JVM running for 7.57)
2020-03-15 12:51:54 [http-nio-8090-exec-1] INFO  %PARSER_ERROR[logger] - Initializing Spring DispatcherServlet 'dispatcherServlet'
2020-03-15 12:51:54 [http-nio-8090-exec-1] INFO  %PARSER_ERROR[logger] - Initializing Servlet 'dispatcherServlet'
2020-03-15 12:51:54 [http-nio-8090-exec-1] INFO  %PARSER_ERROR[logger] - Completed initialization in 12 ms
2020-03-15 12:52:03 [http-nio-8090-exec-4] ERROR %PARSER_ERROR[logger] - Servlet.service() for servlet [dispatcherServlet] in context with path [] threw exception [Request processing failed; nested exception is org.springframework.dao.InvalidDataAccessApiUsageException: Parameter value [1] did not match expected type [java.lang.Integer (n/a)]; nested exception is java.lang.IllegalArgumentException: Parameter value [1] did not match expected type [java.lang.Integer (n/a)]] with root cause
java.lang.IllegalArgumentException: Parameter value [1] did not match expected type [java.lang.Integer (n/a)]
	at org.hibernate.query.spi.QueryParameterBindingValidator.validate(QueryParameterBindingValidator.java:54)
	at org.hibernate.query.spi.QueryParameterBindingValidator.validate(QueryParameterBindingValidator.java:27)
	at org.hibernate.query.internal.QueryParameterBindingImpl.validate(QueryParameterBindingImpl.java:90)
	at org.hibernate.query.internal.QueryParameterBindingImpl.setBindValue(QueryParameterBindingImpl.java:55)
	at org.hibernate.query.internal.AbstractProducedQuery.setParameter(AbstractProducedQuery.java:507)
	at org.hibernate.query.internal.AbstractProducedQuery.setParameter(AbstractProducedQuery.java:110)
	at org.springframework.data.jpa.repository.query.QueryParameterSetter$BindableQuery.setParameter(QueryParameterSetter.java:335)
	at org.springframework.data.jpa.repository.query.QueryParameterSetter$NamedOrIndexedQueryParameterSetter.lambda$setParameter$5(QueryParameterSetter.java:128)
	at org.springframework.data.jpa.repository.query.QueryParameterSetter$ErrorHandling$1.execute(QueryParameterSetter.java:141)
	at org.springframework.data.jpa.repository.query.QueryParameterSetter$NamedOrIndexedQueryParameterSetter.setParameter(QueryParameterSetter.java:128)
	at org.springframework.data.jpa.repository.query.ParameterBinder.bind(ParameterBinder.java:82)
	at org.springframework.data.jpa.repository.query.ParameterBinder.bind(ParameterBinder.java:74)
	at org.springframework.data.jpa.repository.query.ParameterBinder.bindAndPrepare(ParameterBinder.java:95)
	at org.springframework.data.jpa.repository.query.AbstractStringBasedJpaQuery.doCreateQuery(AbstractStringBasedJpaQuery.java:92)
	at org.springframework.data.jpa.repository.query.AbstractJpaQuery.createQuery(AbstractJpaQuery.java:226)
	at org.springframework.data.jpa.repository.query.JpaQueryExecution$SingleEntityExecution.doExecute(JpaQueryExecution.java:196)
	at org.springframework.data.jpa.repository.query.JpaQueryExecution.execute(JpaQueryExecution.java:88)
	at org.springframework.data.jpa.repository.query.AbstractJpaQuery.doExecute(AbstractJpaQuery.java:154)
	at org.springframework.data.jpa.repository.query.AbstractJpaQuery.execute(AbstractJpaQuery.java:142)
	at org.springframework.data.repository.core.support.RepositoryFactorySupport$QueryExecutorMethodInterceptor.doInvoke(RepositoryFactorySupport.java:618)
	at org.springframework.data.repository.core.support.RepositoryFactorySupport$QueryExecutorMethodInterceptor.invoke(RepositoryFactorySupport.java:605)
	at org.springframework.aop.framework.ReflectiveMethodInvocation.proceed(ReflectiveMethodInvocation.java:186)
	at org.springframework.transaction.interceptor.TransactionAspectSupport.invokeWithinTransaction(TransactionAspectSupport.java:366)
	at org.springframework.transaction.interceptor.TransactionInterceptor.invoke(TransactionInterceptor.java:99)
	at org.springframework.aop.framework.ReflectiveMethodInvocation.proceed(ReflectiveMethodInvocation.java:186)
	at org.springframework.dao.support.PersistenceExceptionTranslationInterceptor.invoke(PersistenceExceptionTranslationInterceptor.java:139)
	at org.springframework.aop.framework.ReflectiveMethodInvocation.proceed(ReflectiveMethodInvocation.java:186)
	at org.springframework.data.jpa.repository.support.CrudMethodMetadataPostProcessor$CrudMethodMetadataPopulatingMethodInterceptor.invoke(CrudMethodMetadataPostProcessor.java:149)
	at org.springframework.aop.framework.ReflectiveMethodInvocation.proceed(ReflectiveMethodInvocation.java:186)
	at org.springframework.aop.interceptor.ExposeInvocationInterceptor.invoke(ExposeInvocationInterceptor.java:95)
	at org.springframework.aop.framework.ReflectiveMethodInvocation.proceed(ReflectiveMethodInvocation.java:186)
	at org.springframework.aop.framework.JdkDynamicAopProxy.invoke(JdkDynamicAopProxy.java:212)
	at com.sun.proxy.$Proxy99.fetchLanguageByFieldLangId(Unknown Source)
	at com.csm.web.controller.Languagepagecontroller.changeLanguage(Languagepagecontroller.java:273)
	at sun.reflect.NativeMethodAccessorImpl.invoke0(Native Method)
	at sun.reflect.NativeMethodAccessorImpl.invoke(Unknown Source)
	at sun.reflect.DelegatingMethodAccessorImpl.invoke(Unknown Source)
	at java.lang.reflect.Method.invoke(Unknown Source)
	at org.springframework.web.method.support.InvocableHandlerMethod.doInvoke(InvocableHandlerMethod.java:190)
	at org.springframework.web.method.support.InvocableHandlerMethod.invokeForRequest(InvocableHandlerMethod.java:138)
	at org.springframework.web.servlet.mvc.method.annotation.ServletInvocableHandlerMethod.invokeAndHandle(ServletInvocableHandlerMethod.java:106)
	at org.springframework.web.servlet.mvc.method.annotation.RequestMappingHandlerAdapter.invokeHandlerMethod(RequestMappingHandlerAdapter.java:879)
	at org.springframework.web.servlet.mvc.method.annotation.RequestMappingHandlerAdapter.handleInternal(RequestMappingHandlerAdapter.java:793)
	at org.springframework.web.servlet.mvc.method.AbstractHandlerMethodAdapter.handle(AbstractHandlerMethodAdapter.java:87)
	at org.springframework.web.servlet.DispatcherServlet.doDispatch(DispatcherServlet.java:1040)
	at org.springframework.web.servlet.DispatcherServlet.doService(DispatcherServlet.java:943)
	at org.springframework.web.servlet.FrameworkServlet.processRequest(FrameworkServlet.java:1006)
	at org.springframework.web.servlet.FrameworkServlet.doPost(FrameworkServlet.java:909)
	at javax.servlet.http.HttpServlet.service(HttpServlet.java:660)
	at org.springframework.web.servlet.FrameworkServlet.service(FrameworkServlet.java:883)
	at javax.servlet.http.HttpServlet.service(HttpServlet.java:741)
	at org.apache.catalina.core.ApplicationFilterChain.internalDoFilter(ApplicationFilterChain.java:231)
	at org.apache.catalina.core.ApplicationFilterChain.doFilter(ApplicationFilterChain.java:166)
	at org.apache.tomcat.websocket.server.WsFilter.doFilter(WsFilter.java:53)
	at org.apache.catalina.core.ApplicationFilterChain.internalDoFilter(ApplicationFilterChain.java:193)
	at org.apache.catalina.core.ApplicationFilterChain.doFilter(ApplicationFilterChain.java:166)
	at org.springframework.web.filter.RequestContextFilter.doFilterInternal(RequestContextFilter.java:100)
	at org.springframework.web.filter.OncePerRequestFilter.doFilter(OncePerRequestFilter.java:119)
	at org.apache.catalina.core.ApplicationFilterChain.internalDoFilter(ApplicationFilterChain.java:193)
	at org.apache.catalina.core.ApplicationFilterChain.doFilter(ApplicationFilterChain.java:166)
	at org.springframework.web.filter.FormContentFilter.doFilterInternal(FormContentFilter.java:93)
	at org.springframework.web.filter.OncePerRequestFilter.doFilter(OncePerRequestFilter.java:119)
	at org.apache.catalina.core.ApplicationFilterChain.internalDoFilter(ApplicationFilterChain.java:193)
	at org.apache.catalina.core.ApplicationFilterChain.doFilter(ApplicationFilterChain.java:166)
	at org.springframework.web.filter.CharacterEncodingFilter.doFilterInternal(CharacterEncodingFilter.java:201)
	at org.springframework.web.filter.OncePerRequestFilter.doFilter(OncePerRequestFilter.java:119)
	at org.apache.catalina.core.ApplicationFilterChain.internalDoFilter(ApplicationFilterChain.java:193)
	at org.apache.catalina.core.ApplicationFilterChain.doFilter(ApplicationFilterChain.java:166)
	at org.apache.catalina.core.StandardWrapperValve.invoke(StandardWrapperValve.java:202)
	at org.apache.catalina.core.StandardContextValve.invoke(StandardContextValve.java:96)
	at org.apache.catalina.authenticator.AuthenticatorBase.invoke(AuthenticatorBase.java:541)
	at org.apache.catalina.core.StandardHostValve.invoke(StandardHostValve.java:139)
	at org.apache.catalina.valves.ErrorReportValve.invoke(ErrorReportValve.java:92)
	at org.apache.catalina.core.StandardEngineValve.invoke(StandardEngineValve.java:74)
	at org.apache.catalina.connector.CoyoteAdapter.service(CoyoteAdapter.java:343)
	at org.apache.coyote.http11.Http11Processor.service(Http11Processor.java:367)
	at org.apache.coyote.AbstractProcessorLight.process(AbstractProcessorLight.java:65)
	at org.apache.coyote.AbstractProtocol$ConnectionHandler.process(AbstractProtocol.java:868)
	at org.apache.tomcat.util.net.NioEndpoint$SocketProcessor.doRun(NioEndpoint.java:1639)
	at org.apache.tomcat.util.net.SocketProcessorBase.run(SocketProcessorBase.java:49)
	at java.util.concurrent.ThreadPoolExecutor.runWorker(Unknown Source)
	at java.util.concurrent.ThreadPoolExecutor$Worker.run(Unknown Source)
	at org.apache.tomcat.util.threads.TaskThread$WrappingRunnable.run(TaskThread.java:61)
	at java.lang.Thread.run(Unknown Source)
2020-03-15 12:53:13 [Thread-2] INFO  %PARSER_ERROR[logger] - Shutting down ExecutorService 'applicationTaskExecutor'
2020-03-15 12:53:13 [Thread-2] INFO  %PARSER_ERROR[logger] - Closing JPA EntityManagerFactory for persistence unit 'default'
2020-03-15 12:53:13 [Thread-2] INFO  %PARSER_ERROR[logger] - HikariPool-1 - Shutdown initiated...
2020-03-15 12:53:13 [Thread-2] INFO  %PARSER_ERROR[logger] - HikariPool-1 - Shutdown completed.
2020-03-15 12:53:14 [restartedMain] INFO  %PARSER_ERROR[logger] - Starting RcaRegistrationFormApplication on LAPTOP-3HQJ46KJ with PID 19776 (E:\CSM\RCARegistrationForm\RCARegistrationForm\target\classes started by HARAPRASAD in E:\CSM\RCARegistrationForm\RCARegistrationForm)
2020-03-15 12:53:14 [restartedMain] INFO  %PARSER_ERROR[logger] - No active profile set, falling back to default profiles: default
2020-03-15 12:53:14 [restartedMain] INFO  %PARSER_ERROR[logger] - Bootstrapping Spring Data JPA repositories in DEFAULT mode.
2020-03-15 12:53:14 [restartedMain] INFO  %PARSER_ERROR[logger] - Finished Spring Data repository scanning in 16ms. Found 4 JPA repository interfaces.
2020-03-15 12:53:14 [restartedMain] INFO  %PARSER_ERROR[logger] - Tomcat initialized with port(s): 8090 (http)
2020-03-15 12:53:14 [restartedMain] INFO  %PARSER_ERROR[logger] - Starting service [Tomcat]
2020-03-15 12:53:14 [restartedMain] INFO  %PARSER_ERROR[logger] - Starting Servlet engine: [Apache Tomcat/9.0.31]
2020-03-15 12:53:14 [restartedMain] INFO  %PARSER_ERROR[logger] - Initializing Spring embedded WebApplicationContext
2020-03-15 12:53:14 [restartedMain] INFO  %PARSER_ERROR[logger] - Root WebApplicationContext: initialization completed in 446 ms
2020-03-15 12:53:14 [restartedMain] INFO  %PARSER_ERROR[logger] - HikariPool-2 - Starting...
2020-03-15 12:53:14 [restartedMain] INFO  %PARSER_ERROR[logger] - HikariPool-2 - Start completed.
2020-03-15 12:53:14 [restartedMain] INFO  %PARSER_ERROR[logger] - HHH000204: Processing PersistenceUnitInfo [name: default]
2020-03-15 12:53:14 [restartedMain] INFO  %PARSER_ERROR[logger] - HHH000400: Using dialect: org.hibernate.dialect.MySQL8Dialect
2020-03-15 12:53:14 [restartedMain] INFO  %PARSER_ERROR[logger] - HHH000490: Using JtaPlatform implementation: [org.hibernate.engine.transaction.jta.platform.internal.NoJtaPlatform]
2020-03-15 12:53:14 [restartedMain] INFO  %PARSER_ERROR[logger] - Initialized JPA EntityManagerFactory for persistence unit 'default'
2020-03-15 12:53:14 [restartedMain] WARN  %PARSER_ERROR[logger] - spring.jpa.open-in-view is enabled by default. Therefore, database queries may be performed during view rendering. Explicitly configure spring.jpa.open-in-view to disable this warning
2020-03-15 12:53:15 [restartedMain] INFO  %PARSER_ERROR[logger] - Initializing ExecutorService 'applicationTaskExecutor'
2020-03-15 12:53:15 [restartedMain] WARN  %PARSER_ERROR[logger] - Unable to start LiveReload server
2020-03-15 12:53:15 [restartedMain] INFO  %PARSER_ERROR[logger] - Tomcat started on port(s): 8090 (http) with context path ''
2020-03-15 12:53:15 [restartedMain] INFO  %PARSER_ERROR[logger] - Started RcaRegistrationFormApplication in 0.898 seconds (JVM running for 103.302)
2020-03-15 12:53:15 [restartedMain] INFO  %PARSER_ERROR[logger] - Condition evaluation unchanged
2020-03-15 12:53:35 [http-nio-8090-exec-1] INFO  %PARSER_ERROR[logger] - Initializing Spring DispatcherServlet 'dispatcherServlet'
2020-03-15 12:53:35 [http-nio-8090-exec-1] INFO  %PARSER_ERROR[logger] - Initializing Servlet 'dispatcherServlet'
2020-03-15 12:53:35 [http-nio-8090-exec-1] INFO  %PARSER_ERROR[logger] - Completed initialization in 11 ms
2020-03-15 13:34:52 [http-nio-8090-exec-8] ERROR %PARSER_ERROR[logger] - [THYMELEAF][http-nio-8090-exec-8] Exception processing template "registration": An error happened during template parsing (template: "class path resource [templates/registration.html]" - line 172, col 91)
org.thymeleaf.exceptions.TemplateInputException: An error happened during template parsing (template: "class path resource [templates/registration.html]" - line 172, col 91)
	at org.thymeleaf.templateparser.markup.AbstractMarkupTemplateParser.parse(AbstractMarkupTemplateParser.java:239) ~[thymeleaf-3.0.11.RELEASE.jar:3.0.11.RELEASE]
	at org.thymeleaf.templateparser.markup.AbstractMarkupTemplateParser.parseStandalone(AbstractMarkupTemplateParser.java:100) ~[thymeleaf-3.0.11.RELEASE.jar:3.0.11.RELEASE]
	at org.thymeleaf.engine.TemplateManager.parseAndProcess(TemplateManager.java:666) ~[thymeleaf-3.0.11.RELEASE.jar:3.0.11.RELEASE]
	at org.thymeleaf.TemplateEngine.process(TemplateEngine.java:1098) [thymeleaf-3.0.11.RELEASE.jar:3.0.11.RELEASE]
	at org.thymeleaf.TemplateEngine.process(TemplateEngine.java:1072) [thymeleaf-3.0.11.RELEASE.jar:3.0.11.RELEASE]
	at org.thymeleaf.spring5.view.ThymeleafView.renderFragment(ThymeleafView.java:362) [thymeleaf-spring5-3.0.11.RELEASE.jar:3.0.11.RELEASE]
	at org.thymeleaf.spring5.view.ThymeleafView.render(ThymeleafView.java:189) [thymeleaf-spring5-3.0.11.RELEASE.jar:3.0.11.RELEASE]
	at org.springframework.web.servlet.DispatcherServlet.render(DispatcherServlet.java:1373) [spring-webmvc-5.2.4.RELEASE.jar:5.2.4.RELEASE]
	at org.springframework.web.servlet.DispatcherServlet.processDispatchResult(DispatcherServlet.java:1118) [spring-webmvc-5.2.4.RELEASE.jar:5.2.4.RELEASE]
	at org.springframework.web.servlet.DispatcherServlet.doDispatch(DispatcherServlet.java:1057) [spring-webmvc-5.2.4.RELEASE.jar:5.2.4.RELEASE]
	at org.springframework.web.servlet.DispatcherServlet.doService(DispatcherServlet.java:943) [spring-webmvc-5.2.4.RELEASE.jar:5.2.4.RELEASE]
	at org.springframework.web.servlet.FrameworkServlet.processRequest(FrameworkServlet.java:1006) [spring-webmvc-5.2.4.RELEASE.jar:5.2.4.RELEASE]
	at org.springframework.web.servlet.FrameworkServlet.doGet(FrameworkServlet.java:898) [spring-webmvc-5.2.4.RELEASE.jar:5.2.4.RELEASE]
	at javax.servlet.http.HttpServlet.service(HttpServlet.java:634) [tomcat-embed-core-9.0.31.jar:9.0.31]
	at org.springframework.web.servlet.FrameworkServlet.service(FrameworkServlet.java:883) [spring-webmvc-5.2.4.RELEASE.jar:5.2.4.RELEASE]
	at javax.servlet.http.HttpServlet.service(HttpServlet.java:741) [tomcat-embed-core-9.0.31.jar:9.0.31]
	at org.apache.catalina.core.ApplicationFilterChain.internalDoFilter(ApplicationFilterChain.java:231) [tomcat-embed-core-9.0.31.jar:9.0.31]
	at org.apache.catalina.core.ApplicationFilterChain.doFilter(ApplicationFilterChain.java:166) [tomcat-embed-core-9.0.31.jar:9.0.31]
	at org.apache.tomcat.websocket.server.WsFilter.doFilter(WsFilter.java:53) [tomcat-embed-websocket-9.0.31.jar:9.0.31]
	at org.apache.catalina.core.ApplicationFilterChain.internalDoFilter(ApplicationFilterChain.java:193) [tomcat-embed-core-9.0.31.jar:9.0.31]
	at org.apache.catalina.core.ApplicationFilterChain.doFilter(ApplicationFilterChain.java:166) [tomcat-embed-core-9.0.31.jar:9.0.31]
	at org.springframework.web.filter.RequestContextFilter.doFilterInternal(RequestContextFilter.java:100) [spring-web-5.2.4.RELEASE.jar:5.2.4.RELEASE]
	at org.springframework.web.filter.OncePerRequestFilter.doFilter(OncePerRequestFilter.java:119) [spring-web-5.2.4.RELEASE.jar:5.2.4.RELEASE]
	at org.apache.catalina.core.ApplicationFilterChain.internalDoFilter(ApplicationFilterChain.java:193) [tomcat-embed-core-9.0.31.jar:9.0.31]
	at org.apache.catalina.core.ApplicationFilterChain.doFilter(ApplicationFilterChain.java:166) [tomcat-embed-core-9.0.31.jar:9.0.31]
	at org.springframework.web.filter.FormContentFilter.doFilterInternal(FormContentFilter.java:93) [spring-web-5.2.4.RELEASE.jar:5.2.4.RELEASE]
	at org.springframework.web.filter.OncePerRequestFilter.doFilter(OncePerRequestFilter.java:119) [spring-web-5.2.4.RELEASE.jar:5.2.4.RELEASE]
	at org.apache.catalina.core.ApplicationFilterChain.internalDoFilter(ApplicationFilterChain.java:193) [tomcat-embed-core-9.0.31.jar:9.0.31]
	at org.apache.catalina.core.ApplicationFilterChain.doFilter(ApplicationFilterChain.java:166) [tomcat-embed-core-9.0.31.jar:9.0.31]
	at org.springframework.web.filter.CharacterEncodingFilter.doFilterInternal(CharacterEncodingFilter.java:201) [spring-web-5.2.4.RELEASE.jar:5.2.4.RELEASE]
	at org.springframework.web.filter.OncePerRequestFilter.doFilter(OncePerRequestFilter.java:119) [spring-web-5.2.4.RELEASE.jar:5.2.4.RELEASE]
	at org.apache.catalina.core.ApplicationFilterChain.internalDoFilter(ApplicationFilterChain.java:193) [tomcat-embed-core-9.0.31.jar:9.0.31]
	at org.apache.catalina.core.ApplicationFilterChain.doFilter(ApplicationFilterChain.java:166) [tomcat-embed-core-9.0.31.jar:9.0.31]
	at org.apache.catalina.core.StandardWrapperValve.invoke(StandardWrapperValve.java:202) [tomcat-embed-core-9.0.31.jar:9.0.31]
	at org.apache.catalina.core.StandardContextValve.invoke(StandardContextValve.java:96) [tomcat-embed-core-9.0.31.jar:9.0.31]
	at org.apache.catalina.authenticator.AuthenticatorBase.invoke(AuthenticatorBase.java:541) [tomcat-embed-core-9.0.31.jar:9.0.31]
	at org.apache.catalina.core.StandardHostValve.invoke(StandardHostValve.java:139) [tomcat-embed-core-9.0.31.jar:9.0.31]
	at org.apache.catalina.valves.ErrorReportValve.invoke(ErrorReportValve.java:92) [tomcat-embed-core-9.0.31.jar:9.0.31]
	at org.apache.catalina.core.StandardEngineValve.invoke(StandardEngineValve.java:74) [tomcat-embed-core-9.0.31.jar:9.0.31]
	at org.apache.catalina.connector.CoyoteAdapter.service(CoyoteAdapter.java:343) [tomcat-embed-core-9.0.31.jar:9.0.31]
	at org.apache.coyote.http11.Http11Processor.service(Http11Processor.java:367) [tomcat-embed-core-9.0.31.jar:9.0.31]
	at org.apache.coyote.AbstractProcessorLight.process(AbstractProcessorLight.java:65) [tomcat-embed-core-9.0.31.jar:9.0.31]
	at org.apache.coyote.AbstractProtocol$ConnectionHandler.process(AbstractProtocol.java:868) [tomcat-embed-core-9.0.31.jar:9.0.31]
	at org.apache.tomcat.util.net.NioEndpoint$SocketProcessor.doRun(NioEndpoint.java:1639) [tomcat-embed-core-9.0.31.jar:9.0.31]
	at org.apache.tomcat.util.net.SocketProcessorBase.run(SocketProcessorBase.java:49) [tomcat-embed-core-9.0.31.jar:9.0.31]
	at java.util.concurrent.ThreadPoolExecutor.runWorker(Unknown Source) [na:1.8.0_201]
	at java.util.concurrent.ThreadPoolExecutor$Worker.run(Unknown Source) [na:1.8.0_201]
	at org.apache.tomcat.util.threads.TaskThread$WrappingRunnable.run(TaskThread.java:61) [tomcat-embed-core-9.0.31.jar:9.0.31]
	at java.lang.Thread.run(Unknown Source) [na:1.8.0_201]
Caused by: org.attoparser.ParseException: (Line = 172, Column = 91) Malformed markup: Attribute "class" appears more than once in element
	at org.attoparser.MarkupEventProcessorHandler.handleAttribute(MarkupEventProcessorHandler.java:549) ~[attoparser-2.0.5.RELEASE.jar:2.0.5.RELEASE]
	at org.attoparser.ParsingAttributeSequenceUtil.parseAttributeSequence(ParsingAttributeSequenceUtil.java:300) ~[attoparser-2.0.5.RELEASE.jar:2.0.5.RELEASE]
	at org.attoparser.ParsingElementMarkupUtil.parseOpenElement(ParsingElementMarkupUtil.java:153) ~[attoparser-2.0.5.RELEASE.jar:2.0.5.RELEASE]
	at org.attoparser.MarkupParser.parseBuffer(MarkupParser.java:710) ~[attoparser-2.0.5.RELEASE.jar:2.0.5.RELEASE]
	at org.attoparser.MarkupParser.parseDocument(MarkupParser.java:301) ~[attoparser-2.0.5.RELEASE.jar:2.0.5.RELEASE]
	at org.attoparser.MarkupParser.parse(MarkupParser.java:257) ~[attoparser-2.0.5.RELEASE.jar:2.0.5.RELEASE]
	at org.thymeleaf.templateparser.markup.AbstractMarkupTemplateParser.parse(AbstractMarkupTemplateParser.java:230) ~[thymeleaf-3.0.11.RELEASE.jar:3.0.11.RELEASE]
	... 48 common frames omitted
2020-03-15 13:34:52 [http-nio-8090-exec-8] ERROR %PARSER_ERROR[logger] - Servlet.service() for servlet [dispatcherServlet] in context with path [] threw exception [Request processing failed; nested exception is org.thymeleaf.exceptions.TemplateInputException: An error happened during template parsing (template: "class path resource [templates/registration.html]" - line 172, col 91)] with root cause
org.attoparser.ParseException: (Line = 172, Column = 91) Malformed markup: Attribute "class" appears more than once in element
	at org.attoparser.MarkupEventProcessorHandler.handleAttribute(MarkupEventProcessorHandler.java:549) ~[attoparser-2.0.5.RELEASE.jar:2.0.5.RELEASE]
	at org.attoparser.ParsingAttributeSequenceUtil.parseAttributeSequence(ParsingAttributeSequenceUtil.java:300) ~[attoparser-2.0.5.RELEASE.jar:2.0.5.RELEASE]
	at org.attoparser.ParsingElementMarkupUtil.parseOpenElement(ParsingElementMarkupUtil.java:153) ~[attoparser-2.0.5.RELEASE.jar:2.0.5.RELEASE]
	at org.attoparser.MarkupParser.parseBuffer(MarkupParser.java:710) ~[attoparser-2.0.5.RELEASE.jar:2.0.5.RELEASE]
	at org.attoparser.MarkupParser.parseDocument(MarkupParser.java:301) ~[attoparser-2.0.5.RELEASE.jar:2.0.5.RELEASE]
	at org.attoparser.MarkupParser.parse(MarkupParser.java:257) ~[attoparser-2.0.5.RELEASE.jar:2.0.5.RELEASE]
	at org.thymeleaf.templateparser.markup.AbstractMarkupTemplateParser.parse(AbstractMarkupTemplateParser.java:230) ~[thymeleaf-3.0.11.RELEASE.jar:3.0.11.RELEASE]
	at org.thymeleaf.templateparser.markup.AbstractMarkupTemplateParser.parseStandalone(AbstractMarkupTemplateParser.java:100) ~[thymeleaf-3.0.11.RELEASE.jar:3.0.11.RELEASE]
	at org.thymeleaf.engine.TemplateManager.parseAndProcess(TemplateManager.java:666) ~[thymeleaf-3.0.11.RELEASE.jar:3.0.11.RELEASE]
	at org.thymeleaf.TemplateEngine.process(TemplateEngine.java:1098) ~[thymeleaf-3.0.11.RELEASE.jar:3.0.11.RELEASE]
	at org.thymeleaf.TemplateEngine.process(TemplateEngine.java:1072) ~[thymeleaf-3.0.11.RELEASE.jar:3.0.11.RELEASE]
	at org.thymeleaf.spring5.view.ThymeleafView.renderFragment(ThymeleafView.java:362) ~[thymeleaf-spring5-3.0.11.RELEASE.jar:3.0.11.RELEASE]
	at org.thymeleaf.spring5.view.ThymeleafView.render(ThymeleafView.java:189) ~[thymeleaf-spring5-3.0.11.RELEASE.jar:3.0.11.RELEASE]
	at org.springframework.web.servlet.DispatcherServlet.render(DispatcherServlet.java:1373) ~[spring-webmvc-5.2.4.RELEASE.jar:5.2.4.RELEASE]
	at org.springframework.web.servlet.DispatcherServlet.processDispatchResult(DispatcherServlet.java:1118) ~[spring-webmvc-5.2.4.RELEASE.jar:5.2.4.RELEASE]
	at org.springframework.web.servlet.DispatcherServlet.doDispatch(DispatcherServlet.java:1057) ~[spring-webmvc-5.2.4.RELEASE.jar:5.2.4.RELEASE]
	at org.springframework.web.servlet.DispatcherServlet.doService(DispatcherServlet.java:943) ~[spring-webmvc-5.2.4.RELEASE.jar:5.2.4.RELEASE]
	at org.springframework.web.servlet.FrameworkServlet.processRequest(FrameworkServlet.java:1006) ~[spring-webmvc-5.2.4.RELEASE.jar:5.2.4.RELEASE]
	at org.springframework.web.servlet.FrameworkServlet.doGet(FrameworkServlet.java:898) ~[spring-webmvc-5.2.4.RELEASE.jar:5.2.4.RELEASE]
	at javax.servlet.http.HttpServlet.service(HttpServlet.java:634) ~[tomcat-embed-core-9.0.31.jar:9.0.31]
	at org.springframework.web.servlet.FrameworkServlet.service(FrameworkServlet.java:883) ~[spring-webmvc-5.2.4.RELEASE.jar:5.2.4.RELEASE]
	at javax.servlet.http.HttpServlet.service(HttpServlet.java:741) ~[tomcat-embed-core-9.0.31.jar:9.0.31]
	at org.apache.catalina.core.ApplicationFilterChain.internalDoFilter(ApplicationFilterChain.java:231) ~[tomcat-embed-core-9.0.31.jar:9.0.31]
	at org.apache.catalina.core.ApplicationFilterChain.doFilter(ApplicationFilterChain.java:166) ~[tomcat-embed-core-9.0.31.jar:9.0.31]
	at org.apache.tomcat.websocket.server.WsFilter.doFilter(WsFilter.java:53) ~[tomcat-embed-websocket-9.0.31.jar:9.0.31]
	at org.apache.catalina.core.ApplicationFilterChain.internalDoFilter(ApplicationFilterChain.java:193) ~[tomcat-embed-core-9.0.31.jar:9.0.31]
	at org.apache.catalina.core.ApplicationFilterChain.doFilter(ApplicationFilterChain.java:166) ~[tomcat-embed-core-9.0.31.jar:9.0.31]
	at org.springframework.web.filter.RequestContextFilter.doFilterInternal(RequestContextFilter.java:100) ~[spring-web-5.2.4.RELEASE.jar:5.2.4.RELEASE]
	at org.springframework.web.filter.OncePerRequestFilter.doFilter(OncePerRequestFilter.java:119) ~[spring-web-5.2.4.RELEASE.jar:5.2.4.RELEASE]
	at org.apache.catalina.core.ApplicationFilterChain.internalDoFilter(ApplicationFilterChain.java:193) ~[tomcat-embed-core-9.0.31.jar:9.0.31]
	at org.apache.catalina.core.ApplicationFilterChain.doFilter(ApplicationFilterChain.java:166) ~[tomcat-embed-core-9.0.31.jar:9.0.31]
	at org.springframework.web.filter.FormContentFilter.doFilterInternal(FormContentFilter.java:93) ~[spring-web-5.2.4.RELEASE.jar:5.2.4.RELEASE]
	at org.springframework.web.filter.OncePerRequestFilter.doFilter(OncePerRequestFilter.java:119) ~[spring-web-5.2.4.RELEASE.jar:5.2.4.RELEASE]
	at org.apache.catalina.core.ApplicationFilterChain.internalDoFilter(ApplicationFilterChain.java:193) ~[tomcat-embed-core-9.0.31.jar:9.0.31]
	at org.apache.catalina.core.ApplicationFilterChain.doFilter(ApplicationFilterChain.java:166) ~[tomcat-embed-core-9.0.31.jar:9.0.31]
	at org.springframework.web.filter.CharacterEncodingFilter.doFilterInternal(CharacterEncodingFilter.java:201) ~[spring-web-5.2.4.RELEASE.jar:5.2.4.RELEASE]
	at org.springframework.web.filter.OncePerRequestFilter.doFilter(OncePerRequestFilter.java:119) ~[spring-web-5.2.4.RELEASE.jar:5.2.4.RELEASE]
	at org.apache.catalina.core.ApplicationFilterChain.internalDoFilter(ApplicationFilterChain.java:193) ~[tomcat-embed-core-9.0.31.jar:9.0.31]
	at org.apache.catalina.core.ApplicationFilterChain.doFilter(ApplicationFilterChain.java:166) ~[tomcat-embed-core-9.0.31.jar:9.0.31]
	at org.apache.catalina.core.StandardWrapperValve.invoke(StandardWrapperValve.java:202) ~[tomcat-embed-core-9.0.31.jar:9.0.31]
	at org.apache.catalina.core.StandardContextValve.invoke(StandardContextValve.java:96) [tomcat-embed-core-9.0.31.jar:9.0.31]
	at org.apache.catalina.authenticator.AuthenticatorBase.invoke(AuthenticatorBase.java:541) [tomcat-embed-core-9.0.31.jar:9.0.31]
	at org.apache.catalina.core.StandardHostValve.invoke(StandardHostValve.java:139) [tomcat-embed-core-9.0.31.jar:9.0.31]
	at org.apache.catalina.valves.ErrorReportValve.invoke(ErrorReportValve.java:92) [tomcat-embed-core-9.0.31.jar:9.0.31]
	at org.apache.catalina.core.StandardEngineValve.invoke(StandardEngineValve.java:74) [tomcat-embed-core-9.0.31.jar:9.0.31]
	at org.apache.catalina.connector.CoyoteAdapter.service(CoyoteAdapter.java:343) [tomcat-embed-core-9.0.31.jar:9.0.31]
	at org.apache.coyote.http11.Http11Processor.service(Http11Processor.java:367) [tomcat-embed-core-9.0.31.jar:9.0.31]
	at org.apache.coyote.AbstractProcessorLight.process(AbstractProcessorLight.java:65) [tomcat-embed-core-9.0.31.jar:9.0.31]
	at org.apache.coyote.AbstractProtocol$ConnectionHandler.process(AbstractProtocol.java:868) [tomcat-embed-core-9.0.31.jar:9.0.31]
	at org.apache.tomcat.util.net.NioEndpoint$SocketProcessor.doRun(NioEndpoint.java:1639) [tomcat-embed-core-9.0.31.jar:9.0.31]
	at org.apache.tomcat.util.net.SocketProcessorBase.run(SocketProcessorBase.java:49) [tomcat-embed-core-9.0.31.jar:9.0.31]
	at java.util.concurrent.ThreadPoolExecutor.runWorker(Unknown Source) [na:1.8.0_201]
	at java.util.concurrent.ThreadPoolExecutor$Worker.run(Unknown Source) [na:1.8.0_201]
	at org.apache.tomcat.util.threads.TaskThread$WrappingRunnable.run(TaskThread.java:61) [tomcat-embed-core-9.0.31.jar:9.0.31]
	at java.lang.Thread.run(Unknown Source) [na:1.8.0_201]
2020-03-15 13:49:12 [Thread-8] INFO  %PARSER_ERROR[logger] - Shutting down ExecutorService 'applicationTaskExecutor'
2020-03-15 13:49:12 [Thread-8] INFO  %PARSER_ERROR[logger] - Closing JPA EntityManagerFactory for persistence unit 'default'
2020-03-15 13:49:12 [Thread-8] INFO  %PARSER_ERROR[logger] - HikariPool-2 - Shutdown initiated...
2020-03-15 13:49:12 [Thread-8] INFO  %PARSER_ERROR[logger] - HikariPool-2 - Shutdown completed.
2020-03-15 13:49:17 [restartedMain] INFO  %PARSER_ERROR[logger] - Starting RcaRegistrationFormApplication on LAPTOP-3HQJ46KJ with PID 19776 (E:\CSM\RCARegistrationForm\RCARegistrationForm\target\classes started by HARAPRASAD in E:\CSM\RCARegistrationForm\RCARegistrationForm)
2020-03-15 13:49:17 [restartedMain] INFO  %PARSER_ERROR[logger] - No active profile set, falling back to default profiles: default
2020-03-15 13:49:17 [restartedMain] INFO  %PARSER_ERROR[logger] - Bootstrapping Spring Data JPA repositories in DEFAULT mode.
2020-03-15 13:49:18 [restartedMain] INFO  %PARSER_ERROR[logger] - Finished Spring Data repository scanning in 13ms. Found 4 JPA repository interfaces.
2020-03-15 13:49:18 [restartedMain] INFO  %PARSER_ERROR[logger] - Tomcat initialized with port(s): 8090 (http)
2020-03-15 13:49:18 [restartedMain] INFO  %PARSER_ERROR[logger] - Starting service [Tomcat]
2020-03-15 13:49:18 [restartedMain] INFO  %PARSER_ERROR[logger] - Starting Servlet engine: [Apache Tomcat/9.0.31]
2020-03-15 13:49:18 [restartedMain] INFO  %PARSER_ERROR[logger] - Initializing Spring embedded WebApplicationContext
2020-03-15 13:49:18 [restartedMain] INFO  %PARSER_ERROR[logger] - Root WebApplicationContext: initialization completed in 609 ms
2020-03-15 13:49:18 [restartedMain] INFO  %PARSER_ERROR[logger] - HikariPool-3 - Starting...
2020-03-15 13:49:18 [restartedMain] INFO  %PARSER_ERROR[logger] - HikariPool-3 - Start completed.
2020-03-15 13:49:18 [restartedMain] INFO  %PARSER_ERROR[logger] - HHH000204: Processing PersistenceUnitInfo [name: default]
2020-03-15 13:49:18 [restartedMain] INFO  %PARSER_ERROR[logger] - HHH000400: Using dialect: org.hibernate.dialect.MySQL8Dialect
2020-03-15 13:49:18 [restartedMain] INFO  %PARSER_ERROR[logger] - HHH000490: Using JtaPlatform implementation: [org.hibernate.engine.transaction.jta.platform.internal.NoJtaPlatform]
2020-03-15 13:49:18 [restartedMain] INFO  %PARSER_ERROR[logger] - Initialized JPA EntityManagerFactory for persistence unit 'default'
2020-03-15 13:49:18 [restartedMain] WARN  %PARSER_ERROR[logger] - spring.jpa.open-in-view is enabled by default. Therefore, database queries may be performed during view rendering. Explicitly configure spring.jpa.open-in-view to disable this warning
2020-03-15 13:49:18 [restartedMain] INFO  %PARSER_ERROR[logger] - Initializing ExecutorService 'applicationTaskExecutor'
2020-03-15 13:49:18 [restartedMain] WARN  %PARSER_ERROR[logger] - Unable to start LiveReload server
2020-03-15 13:49:18 [restartedMain] INFO  %PARSER_ERROR[logger] - Tomcat started on port(s): 8090 (http) with context path ''
2020-03-15 13:49:18 [restartedMain] INFO  %PARSER_ERROR[logger] - Started RcaRegistrationFormApplication in 1.152 seconds (JVM running for 3466.862)
2020-03-15 13:49:18 [restartedMain] INFO  %PARSER_ERROR[logger] - Condition evaluation unchanged
2020-03-15 13:49:21 [RMI TCP Connection(5)-127.0.0.1] INFO  %PARSER_ERROR[logger] - Application shutdown requested.
2020-03-15 13:49:21 [RMI TCP Connection(5)-127.0.0.1] INFO  %PARSER_ERROR[logger] - Shutting down ExecutorService 'applicationTaskExecutor'
2020-03-15 13:49:21 [RMI TCP Connection(5)-127.0.0.1] INFO  %PARSER_ERROR[logger] - Closing JPA EntityManagerFactory for persistence unit 'default'
2020-03-15 13:49:21 [RMI TCP Connection(5)-127.0.0.1] INFO  %PARSER_ERROR[logger] - HikariPool-3 - Shutdown initiated...
2020-03-15 13:49:21 [RMI TCP Connection(5)-127.0.0.1] INFO  %PARSER_ERROR[logger] - HikariPool-3 - Shutdown completed.
2020-03-15 13:49:28 [restartedMain] INFO  %PARSER_ERROR[logger] - Starting RcaRegistrationFormApplication on LAPTOP-3HQJ46KJ with PID 9780 (E:\CSM\RCARegistrationForm\RCARegistrationForm\target\classes started by HARAPRASAD in E:\CSM\RCARegistrationForm\RCARegistrationForm)
2020-03-15 13:49:28 [restartedMain] INFO  %PARSER_ERROR[logger] - No active profile set, falling back to default profiles: default
2020-03-15 13:49:28 [restartedMain] INFO  %PARSER_ERROR[logger] - The Class-Path manifest attribute in C:\Users\user\.m2\repository\org\glassfish\jaxb\jaxb-runtime\2.3.2\jaxb-runtime-2.3.2.jar referenced one or more files that do not exist: file:/C:/Users/user/.m2/repository/org/glassfish/jaxb/jaxb-runtime/2.3.2/jakarta.xml.bind-api-2.3.2.jar,file:/C:/Users/user/.m2/repository/org/glassfish/jaxb/jaxb-runtime/2.3.2/txw2-2.3.2.jar,file:/C:/Users/user/.m2/repository/org/glassfish/jaxb/jaxb-runtime/2.3.2/istack-commons-runtime-3.0.8.jar,file:/C:/Users/user/.m2/repository/org/glassfish/jaxb/jaxb-runtime/2.3.2/stax-ex-1.8.1.jar,file:/C:/Users/user/.m2/repository/org/glassfish/jaxb/jaxb-runtime/2.3.2/FastInfoset-1.2.16.jar,file:/C:/Users/user/.m2/repository/org/glassfish/jaxb/jaxb-runtime/2.3.2/jakarta.activation-api-1.2.1.jar
2020-03-15 13:49:28 [restartedMain] INFO  %PARSER_ERROR[logger] - Devtools property defaults active! Set 'spring.devtools.add-properties' to 'false' to disable
2020-03-15 13:49:28 [restartedMain] INFO  %PARSER_ERROR[logger] - For additional web related logging consider setting the 'logging.level.web' property to 'DEBUG'
2020-03-15 13:49:29 [restartedMain] INFO  %PARSER_ERROR[logger] - Bootstrapping Spring Data JPA repositories in DEFAULT mode.
2020-03-15 13:49:29 [restartedMain] INFO  %PARSER_ERROR[logger] - Finished Spring Data repository scanning in 90ms. Found 4 JPA repository interfaces.
2020-03-15 13:49:30 [restartedMain] INFO  %PARSER_ERROR[logger] - Tomcat initialized with port(s): 8090 (http)
2020-03-15 13:49:30 [restartedMain] INFO  %PARSER_ERROR[logger] - Starting service [Tomcat]
2020-03-15 13:49:30 [restartedMain] INFO  %PARSER_ERROR[logger] - Starting Servlet engine: [Apache Tomcat/9.0.31]
2020-03-15 13:49:30 [restartedMain] INFO  %PARSER_ERROR[logger] - Initializing Spring embedded WebApplicationContext
2020-03-15 13:49:30 [restartedMain] INFO  %PARSER_ERROR[logger] - Root WebApplicationContext: initialization completed in 1783 ms
2020-03-15 13:49:30 [restartedMain] INFO  %PARSER_ERROR[logger] - HikariPool-1 - Starting...
2020-03-15 13:49:31 [restartedMain] INFO  %PARSER_ERROR[logger] - HikariPool-1 - Start completed.
2020-03-15 13:49:31 [restartedMain] INFO  %PARSER_ERROR[logger] - HHH000204: Processing PersistenceUnitInfo [name: default]
2020-03-15 13:49:31 [restartedMain] INFO  %PARSER_ERROR[logger] - HHH000412: Hibernate ORM core version 5.4.12.Final
2020-03-15 13:49:31 [restartedMain] INFO  %PARSER_ERROR[logger] - HCANN000001: Hibernate Commons Annotations {5.1.0.Final}
2020-03-15 13:49:31 [restartedMain] INFO  %PARSER_ERROR[logger] - HHH000400: Using dialect: org.hibernate.dialect.MySQL8Dialect
2020-03-15 13:49:32 [restartedMain] INFO  %PARSER_ERROR[logger] - HHH000490: Using JtaPlatform implementation: [org.hibernate.engine.transaction.jta.platform.internal.NoJtaPlatform]
2020-03-15 13:49:32 [restartedMain] INFO  %PARSER_ERROR[logger] - Initialized JPA EntityManagerFactory for persistence unit 'default'
2020-03-15 13:49:33 [restartedMain] WARN  %PARSER_ERROR[logger] - spring.jpa.open-in-view is enabled by default. Therefore, database queries may be performed during view rendering. Explicitly configure spring.jpa.open-in-view to disable this warning
2020-03-15 13:49:33 [restartedMain] INFO  %PARSER_ERROR[logger] - Initializing ExecutorService 'applicationTaskExecutor'
2020-03-15 13:49:33 [restartedMain] INFO  %PARSER_ERROR[logger] - LiveReload server is running on port 35729
2020-03-15 13:49:33 [restartedMain] INFO  %PARSER_ERROR[logger] - Tomcat started on port(s): 8090 (http) with context path ''
2020-03-15 13:49:33 [restartedMain] INFO  %PARSER_ERROR[logger] - Started RcaRegistrationFormApplication in 5.534 seconds (JVM running for 6.898)
2020-03-15 13:49:41 [http-nio-8090-exec-1] INFO  %PARSER_ERROR[logger] - Initializing Spring DispatcherServlet 'dispatcherServlet'
2020-03-15 13:49:41 [http-nio-8090-exec-1] INFO  %PARSER_ERROR[logger] - Initializing Servlet 'dispatcherServlet'
2020-03-15 13:49:41 [http-nio-8090-exec-1] INFO  %PARSER_ERROR[logger] - Completed initialization in 24 ms
